220807 23:27:45 mysqld_safe Starting mariadbd daemon with databases from /config/databases
2022-08-07 23:27:45 0 [Note] /usr/bin/mariadbd (mysqld 10.5.15-MariaDB-log) starting as process 521 ...
2022-08-07 23:27:45 0 [Note] InnoDB: Uses event mutexes
2022-08-07 23:27:45 0 [Note] InnoDB: Compressed tables use zlib 1.2.11
2022-08-07 23:27:45 0 [Note] InnoDB: Number of pools: 1
2022-08-07 23:27:45 0 [Note] InnoDB: Using crc32 + pclmulqdq instructions
2022-08-07 23:27:45 0 [Note] mariadbd: O_TMPFILE is not supported on /var/tmp (disabling future attempts)
2022-08-07 23:27:45 0 [Note] InnoDB: Using Linux native AIO
2022-08-07 23:27:45 0 [Note] InnoDB: Initializing buffer pool, total size = 268435456, chunk size = 134217728
2022-08-07 23:27:45 0 [Note] InnoDB: Completed initialization of buffer pool
2022-08-07 23:27:45 0 [Note] InnoDB: 128 rollback segments are active.
2022-08-07 23:27:45 0 [Note] InnoDB: Creating shared tablespace for temporary tables
2022-08-07 23:27:45 0 [Note] InnoDB: Setting file './ibtmp1' size to 12 MB. Physically writing the file full; Please wait ...
2022-08-07 23:27:45 0 [Note] InnoDB: File './ibtmp1' size is now 12 MB.
2022-08-07 23:27:45 0 [Note] InnoDB: 10.5.15 started; log sequence number 1397680; transaction id 3442
2022-08-07 23:27:45 0 [Note] Plugin 'FEEDBACK' is disabled.
2022-08-07 23:27:45 0 [Note] InnoDB: Loading buffer pool(s) from /config/databases/ib_buffer_pool
2022-08-07 23:27:46 0 [Note] Server socket created on IP: '::'.
2022-08-07 23:27:46 0 [Note] InnoDB: Buffer pool(s) load completed at 220807 23:27:46
2022-08-07 23:27:46 0 [Note] Reading of all Master_info entries succeeded
2022-08-07 23:27:46 0 [Note] Added new Master_info '' to hash table
2022-08-07 23:27:46 0 [Note] /usr/bin/mariadbd: ready for connections.
Version: '10.5.15-MariaDB-log'  socket: '/run/mysqld/mysqld.sock'  port: 3306  MariaDB Server
2022-08-07 23:27:46 4 [Warning] IP address '172.18.0.1' could not be resolved: Name does not resolve
2022-08-24 21:32:07 0 [Note] /usr/bin/mariadbd (initiated by: unknown): Normal shutdown
2022-08-24 21:32:07 0 [Note] Event Scheduler: Purging the queue. 0 events
2022-08-24 21:32:07 0 [Note] InnoDB: FTS optimize thread exiting.
2022-08-24 21:32:08 0 [Note] InnoDB: Starting shutdown...
2022-08-24 21:32:08 0 [Note] InnoDB: Dumping buffer pool(s) to /config/databases/ib_buffer_pool
2022-08-24 21:32:08 0 [Note] InnoDB: Buffer pool(s) dump completed at 220824 21:32:08
2022-08-24 21:32:08 0 [Note] InnoDB: Removed temporary tablespace data file: "ibtmp1"
2022-08-24 21:32:08 0 [Note] InnoDB: Shutdown completed; log sequence number 1752724; transaction id 3920
2022-08-24 21:32:08 0 [Note] /usr/bin/mariadbd: Shutdown complete

220824 21:32:08 mysqld_safe mysqld from pid file /var/run/mysqld/mysqld.pid ended
220824 21:33:20 mysqld_safe Starting mariadbd daemon with databases from /config/databases
2022-08-24 21:33:20 0 [Note] /usr/bin/mariadbd (mysqld 10.5.15-MariaDB-log) starting as process 521 ...
2022-08-24 21:33:20 0 [Note] InnoDB: Uses event mutexes
2022-08-24 21:33:20 0 [Note] InnoDB: Compressed tables use zlib 1.2.11
2022-08-24 21:33:20 0 [Note] InnoDB: Number of pools: 1
2022-08-24 21:33:20 0 [Note] InnoDB: Using crc32 + pclmulqdq instructions
2022-08-24 21:33:20 0 [Note] mariadbd: O_TMPFILE is not supported on /var/tmp (disabling future attempts)
2022-08-24 21:33:20 0 [Note] InnoDB: Using Linux native AIO
2022-08-24 21:33:20 0 [Note] InnoDB: Initializing buffer pool, total size = 268435456, chunk size = 134217728
2022-08-24 21:33:20 0 [Note] InnoDB: Completed initialization of buffer pool
2022-08-24 21:33:20 0 [Note] InnoDB: 128 rollback segments are active.
2022-08-24 21:33:20 0 [Note] InnoDB: Creating shared tablespace for temporary tables
2022-08-24 21:33:20 0 [Note] InnoDB: Setting file './ibtmp1' size to 12 MB. Physically writing the file full; Please wait ...
2022-08-24 21:33:20 0 [Note] InnoDB: File './ibtmp1' size is now 12 MB.
2022-08-24 21:33:20 0 [Note] InnoDB: 10.5.15 started; log sequence number 1752724; transaction id 3921
2022-08-24 21:33:20 0 [Note] InnoDB: Loading buffer pool(s) from /config/databases/ib_buffer_pool
2022-08-24 21:33:20 0 [Note] Plugin 'FEEDBACK' is disabled.
2022-08-24 21:33:21 0 [Note] Server socket created on IP: '::'.
2022-08-24 21:33:21 0 [Note] InnoDB: Buffer pool(s) load completed at 220824 21:33:21
2022-08-24 21:33:21 0 [Note] Reading of all Master_info entries succeeded
2022-08-24 21:33:21 0 [Note] Added new Master_info '' to hash table
2022-08-24 21:33:21 0 [Note] /usr/bin/mariadbd: ready for connections.
Version: '10.5.15-MariaDB-log'  socket: '/run/mysqld/mysqld.sock'  port: 3306  MariaDB Server
2022-08-24 21:33:21 4 [Warning] IP address '172.18.0.1' could not be resolved: Name does not resolve
2022-08-29 22:29:01 0 [Note] /usr/bin/mariadbd (initiated by: unknown): Normal shutdown
2022-08-29 22:29:01 0 [Note] Event Scheduler: Purging the queue. 0 events
2022-08-29 22:29:01 0 [Note] InnoDB: FTS optimize thread exiting.
2022-08-29 22:29:01 0 [Note] InnoDB: Starting shutdown...
2022-08-29 22:29:01 0 [Note] InnoDB: Dumping buffer pool(s) to /config/databases/ib_buffer_pool
2022-08-29 22:29:01 0 [Note] InnoDB: Buffer pool(s) dump completed at 220829 22:29:01
2022-08-29 22:29:01 0 [Note] InnoDB: Removed temporary tablespace data file: "ibtmp1"
2022-08-29 22:29:01 0 [Note] InnoDB: Shutdown completed; log sequence number 1752736; transaction id 3923
2022-08-29 22:29:01 0 [Note] /usr/bin/mariadbd: Shutdown complete

220829 22:29:01 mysqld_safe mysqld from pid file /var/run/mysqld/mysqld.pid ended
220829 22:29:20 mysqld_safe Starting mariadbd daemon with databases from /config/databases
2022-08-29 22:29:20 0 [Note] /usr/bin/mariadbd (mysqld 10.5.15-MariaDB-log) starting as process 521 ...
2022-08-29 22:29:20 0 [Note] InnoDB: Uses event mutexes
2022-08-29 22:29:20 0 [Note] InnoDB: Compressed tables use zlib 1.2.11
2022-08-29 22:29:20 0 [Note] InnoDB: Number of pools: 1
2022-08-29 22:29:20 0 [Note] InnoDB: Using crc32 + pclmulqdq instructions
2022-08-29 22:29:20 0 [Note] mariadbd: O_TMPFILE is not supported on /var/tmp (disabling future attempts)
2022-08-29 22:29:20 0 [Note] InnoDB: Using Linux native AIO
2022-08-29 22:29:20 0 [Note] InnoDB: Initializing buffer pool, total size = 268435456, chunk size = 134217728
2022-08-29 22:29:20 0 [Note] InnoDB: Completed initialization of buffer pool
2022-08-29 22:29:20 0 [Note] InnoDB: 128 rollback segments are active.
2022-08-29 22:29:20 0 [Note] InnoDB: Creating shared tablespace for temporary tables
2022-08-29 22:29:20 0 [Note] InnoDB: Setting file './ibtmp1' size to 12 MB. Physically writing the file full; Please wait ...
2022-08-29 22:29:20 0 [Note] InnoDB: File './ibtmp1' size is now 12 MB.
2022-08-29 22:29:20 0 [Note] InnoDB: 10.5.15 started; log sequence number 1752736; transaction id 3921
2022-08-29 22:29:20 0 [Note] Plugin 'FEEDBACK' is disabled.
2022-08-29 22:29:20 0 [Note] InnoDB: Loading buffer pool(s) from /config/databases/ib_buffer_pool
2022-08-29 22:29:20 0 [Note] Server socket created on IP: '::'.
2022-08-29 22:29:20 0 [Note] Reading of all Master_info entries succeeded
2022-08-29 22:29:20 0 [Note] Added new Master_info '' to hash table
2022-08-29 22:29:20 0 [Note] /usr/bin/mariadbd: ready for connections.
Version: '10.5.15-MariaDB-log'  socket: '/run/mysqld/mysqld.sock'  port: 3306  MariaDB Server
2022-08-29 22:29:20 0 [Note] InnoDB: Buffer pool(s) load completed at 220829 22:29:20
2022-08-29 22:29:20 4 [Warning] IP address '172.18.0.1' could not be resolved: Name does not resolve
220911 14:37:56 mysqld_safe Starting mariadbd daemon with databases from /config/databases
2022-09-11 14:37:56 0 [Note] /usr/bin/mariadbd (mysqld 10.5.15-MariaDB-log) starting as process 523 ...
2022-09-11 14:37:56 0 [Note] InnoDB: Uses event mutexes
2022-09-11 14:37:56 0 [Note] InnoDB: Compressed tables use zlib 1.2.11
2022-09-11 14:37:56 0 [Note] InnoDB: Number of pools: 1
2022-09-11 14:37:56 0 [Note] InnoDB: Using crc32 + pclmulqdq instructions
2022-09-11 14:37:56 0 [Note] mariadbd: O_TMPFILE is not supported on /var/tmp (disabling future attempts)
2022-09-11 14:37:56 0 [Note] InnoDB: Using Linux native AIO
2022-09-11 14:37:56 0 [Note] InnoDB: Initializing buffer pool, total size = 268435456, chunk size = 134217728
2022-09-11 14:37:56 0 [Note] InnoDB: Completed initialization of buffer pool
2022-09-11 14:37:56 0 [Note] InnoDB: Starting crash recovery from checkpoint LSN=1752736,1752736
2022-09-11 14:37:56 0 [Note] InnoDB: Last binlog file '/config/log/mysql/mariadb-bin.000025', position 84040
2022-09-11 14:37:56 0 [Note] InnoDB: 128 rollback segments are active.
2022-09-11 14:37:56 0 [Note] InnoDB: Removed temporary tablespace data file: "ibtmp1"
2022-09-11 14:37:56 0 [Note] InnoDB: Creating shared tablespace for temporary tables
2022-09-11 14:37:56 0 [Note] InnoDB: Setting file './ibtmp1' size to 12 MB. Physically writing the file full; Please wait ...
2022-09-11 14:37:56 0 [Note] InnoDB: File './ibtmp1' size is now 12 MB.
2022-09-11 14:37:56 0 [Note] InnoDB: 10.5.15 started; log sequence number 1752748; transaction id 3921
2022-09-11 14:37:56 0 [Note] InnoDB: Loading buffer pool(s) from /config/databases/ib_buffer_pool
2022-09-11 14:37:56 0 [Note] Plugin 'FEEDBACK' is disabled.
2022-09-11 14:37:56 0 [Note] Recovering after a crash using /config/log/mysql/mariadb-bin
2022-09-11 14:37:56 0 [Note] Starting crash recovery...
2022-09-11 14:37:56 0 [Note] Crash recovery finished.
2022-09-11 14:37:56 0 [Note] Server socket created on IP: '::'.
2022-09-11 14:37:57 0 [Note] InnoDB: Buffer pool(s) load completed at 220911 14:37:57
2022-09-11 14:37:57 0 [Note] Reading of all Master_info entries succeeded
2022-09-11 14:37:57 0 [Note] Added new Master_info '' to hash table
2022-09-11 14:37:57 0 [Note] /usr/bin/mariadbd: ready for connections.
Version: '10.5.15-MariaDB-log'  socket: '/run/mysqld/mysqld.sock'  port: 3306  MariaDB Server
2022-09-11 14:37:57 4 [Warning] IP address '172.18.0.1' could not be resolved: Name does not resolve
2022-10-17 14:26:17 0 [Note] /usr/bin/mariadbd (initiated by: unknown): Normal shutdown
2022-10-17 14:26:17 0 [Note] Event Scheduler: Purging the queue. 0 events
2022-10-17 14:26:17 0 [Note] InnoDB: FTS optimize thread exiting.
2022-10-17 14:26:17 0 [Note] InnoDB: Starting shutdown...
2022-10-17 14:26:17 0 [Note] InnoDB: Dumping buffer pool(s) to /config/databases/ib_buffer_pool
2022-10-17 14:26:17 0 [Note] InnoDB: Buffer pool(s) dump completed at 221017 14:26:17
2022-10-17 14:26:18 0 [Note] InnoDB: Removed temporary tablespace data file: "ibtmp1"
2022-10-17 14:26:18 0 [Note] InnoDB: Shutdown completed; log sequence number 1752772; transaction id 3923
2022-10-17 14:26:18 0 [Note] /usr/bin/mariadbd: Shutdown complete

221017 14:26:18 mysqld_safe mysqld from pid file /var/run/mysqld/mysqld.pid ended
221017 14:26:36 mysqld_safe Starting mariadbd daemon with databases from /config/databases
2022-10-17 14:26:36 0 [Note] /usr/bin/mariadbd (mysqld 10.5.15-MariaDB-log) starting as process 521 ...
2022-10-17 14:26:37 0 [Note] InnoDB: Uses event mutexes
2022-10-17 14:26:37 0 [Note] InnoDB: Compressed tables use zlib 1.2.11
2022-10-17 14:26:37 0 [Note] InnoDB: Number of pools: 1
2022-10-17 14:26:37 0 [Note] InnoDB: Using crc32 + pclmulqdq instructions
2022-10-17 14:26:37 0 [Note] mariadbd: O_TMPFILE is not supported on /var/tmp (disabling future attempts)
2022-10-17 14:26:37 0 [Note] InnoDB: Using Linux native AIO
2022-10-17 14:26:37 0 [Note] InnoDB: Initializing buffer pool, total size = 268435456, chunk size = 134217728
2022-10-17 14:26:37 0 [Note] InnoDB: Completed initialization of buffer pool
2022-10-17 14:26:37 0 [Note] InnoDB: 128 rollback segments are active.
2022-10-17 14:26:37 0 [Note] InnoDB: Creating shared tablespace for temporary tables
2022-10-17 14:26:37 0 [Note] InnoDB: Setting file './ibtmp1' size to 12 MB. Physically writing the file full; Please wait ...
2022-10-17 14:26:37 0 [Note] InnoDB: File './ibtmp1' size is now 12 MB.
2022-10-17 14:26:37 0 [Note] InnoDB: 10.5.15 started; log sequence number 1752772; transaction id 3921
2022-10-17 14:26:37 0 [Note] Plugin 'FEEDBACK' is disabled.
2022-10-17 14:26:37 0 [Note] InnoDB: Loading buffer pool(s) from /config/databases/ib_buffer_pool
2022-10-17 14:26:37 0 [Note] Server socket created on IP: '::'.
2022-10-17 14:26:37 0 [Note] Reading of all Master_info entries succeeded
2022-10-17 14:26:37 0 [Note] Added new Master_info '' to hash table
2022-10-17 14:26:37 0 [Note] /usr/bin/mariadbd: ready for connections.
Version: '10.5.15-MariaDB-log'  socket: '/run/mysqld/mysqld.sock'  port: 3306  MariaDB Server
2022-10-17 14:26:37 0 [Note] InnoDB: Buffer pool(s) load completed at 221017 14:26:37
2022-10-17 14:26:37 4 [Warning] IP address '172.18.0.1' could not be resolved: Name does not resolve
2022-10-18 16:43:18 0 [Note] /usr/bin/mariadbd (initiated by: unknown): Normal shutdown
2022-10-18 16:43:18 0 [Note] Event Scheduler: Purging the queue. 0 events
2022-10-18 16:43:18 0 [Note] InnoDB: FTS optimize thread exiting.
2022-10-18 16:43:18 0 [Note] InnoDB: Starting shutdown...
2022-10-18 16:43:18 0 [Note] InnoDB: Dumping buffer pool(s) to /config/databases/ib_buffer_pool
2022-10-18 16:43:18 0 [Note] InnoDB: Buffer pool(s) dump completed at 221018 16:43:18
2022-10-18 16:43:19 0 [Note] InnoDB: Removed temporary tablespace data file: "ibtmp1"
2022-10-18 16:43:19 0 [Note] InnoDB: Shutdown completed; log sequence number 1752784; transaction id 3923
2022-10-18 16:43:19 0 [Note] /usr/bin/mariadbd: Shutdown complete

221018 16:43:19 mysqld_safe mysqld from pid file /var/run/mysqld/mysqld.pid ended
221021 18:13:49 mysqld_safe Starting mariadbd daemon with databases from /config/databases
2022-10-21 18:13:49 0 [Note] /usr/bin/mariadbd (mysqld 10.5.15-MariaDB-log) starting as process 521 ...
2022-10-21 18:13:49 0 [Note] InnoDB: Uses event mutexes
2022-10-21 18:13:49 0 [Note] InnoDB: Compressed tables use zlib 1.2.11
2022-10-21 18:13:49 0 [Note] InnoDB: Number of pools: 1
2022-10-21 18:13:49 0 [Note] InnoDB: Using crc32 + pclmulqdq instructions
2022-10-21 18:13:49 0 [Note] mariadbd: O_TMPFILE is not supported on /var/tmp (disabling future attempts)
2022-10-21 18:13:49 0 [Note] InnoDB: Using Linux native AIO
2022-10-21 18:13:49 0 [Note] InnoDB: Initializing buffer pool, total size = 268435456, chunk size = 134217728
2022-10-21 18:13:49 0 [Note] InnoDB: Completed initialization of buffer pool
2022-10-21 18:13:49 0 [Note] InnoDB: 128 rollback segments are active.
2022-10-21 18:13:49 0 [Note] InnoDB: Creating shared tablespace for temporary tables
2022-10-21 18:13:49 0 [Note] InnoDB: Setting file './ibtmp1' size to 12 MB. Physically writing the file full; Please wait ...
2022-10-21 18:13:49 0 [Note] InnoDB: File './ibtmp1' size is now 12 MB.
2022-10-21 18:13:49 0 [Note] InnoDB: 10.5.15 started; log sequence number 1752784; transaction id 3921
2022-10-21 18:13:49 0 [Note] Plugin 'FEEDBACK' is disabled.
2022-10-21 18:13:49 0 [Note] InnoDB: Loading buffer pool(s) from /config/databases/ib_buffer_pool
2022-10-21 18:13:49 0 [Note] Server socket created on IP: '::'.
2022-10-21 18:13:50 0 [Note] Reading of all Master_info entries succeeded
2022-10-21 18:13:50 0 [Note] Added new Master_info '' to hash table
2022-10-21 18:13:50 0 [Note] /usr/bin/mariadbd: ready for connections.
Version: '10.5.15-MariaDB-log'  socket: '/run/mysqld/mysqld.sock'  port: 3306  MariaDB Server
2022-10-21 18:13:50 0 [Note] InnoDB: Buffer pool(s) load completed at 221021 18:13:50
2022-10-21 18:13:50 4 [Warning] IP address '172.18.0.1' could not be resolved: Name does not resolve
2022-10-21 21:05:14 0 [Note] /usr/bin/mariadbd (initiated by: unknown): Normal shutdown
2022-10-21 21:05:14 0 [Note] Event Scheduler: Purging the queue. 0 events
2022-10-21 21:05:14 0 [Note] InnoDB: FTS optimize thread exiting.
2022-10-21 21:05:14 0 [Note] InnoDB: Starting shutdown...
2022-10-21 21:05:14 0 [Note] InnoDB: Dumping buffer pool(s) to /config/databases/ib_buffer_pool
2022-10-21 21:05:14 0 [Note] InnoDB: Buffer pool(s) dump completed at 221021 21:05:14
2022-10-21 21:05:14 0 [Note] InnoDB: Removed temporary tablespace data file: "ibtmp1"
2022-10-21 21:05:14 0 [Note] InnoDB: Shutdown completed; log sequence number 1752796; transaction id 3923
2022-10-21 21:05:14 0 [Note] /usr/bin/mariadbd: Shutdown complete

221021 21:05:14 mysqld_safe mysqld from pid file /var/run/mysqld/mysqld.pid ended
221021 21:05:33 mysqld_safe Starting mariadbd daemon with databases from /config/databases
2022-10-21 21:05:33 0 [Note] /usr/bin/mariadbd (mysqld 10.5.15-MariaDB-log) starting as process 521 ...
2022-10-21 21:05:33 0 [Note] InnoDB: Uses event mutexes
2022-10-21 21:05:33 0 [Note] InnoDB: Compressed tables use zlib 1.2.11
2022-10-21 21:05:33 0 [Note] InnoDB: Number of pools: 1
2022-10-21 21:05:33 0 [Note] InnoDB: Using crc32 + pclmulqdq instructions
2022-10-21 21:05:33 0 [Note] mariadbd: O_TMPFILE is not supported on /var/tmp (disabling future attempts)
2022-10-21 21:05:33 0 [Note] InnoDB: Using Linux native AIO
2022-10-21 21:05:33 0 [Note] InnoDB: Initializing buffer pool, total size = 268435456, chunk size = 134217728
2022-10-21 21:05:33 0 [Note] InnoDB: Completed initialization of buffer pool
2022-10-21 21:05:33 0 [Note] InnoDB: 128 rollback segments are active.
2022-10-21 21:05:33 0 [Note] InnoDB: Creating shared tablespace for temporary tables
2022-10-21 21:05:33 0 [Note] InnoDB: Setting file './ibtmp1' size to 12 MB. Physically writing the file full; Please wait ...
2022-10-21 21:05:33 0 [Note] InnoDB: File './ibtmp1' size is now 12 MB.
2022-10-21 21:05:33 0 [Note] InnoDB: 10.5.15 started; log sequence number 1752796; transaction id 3921
2022-10-21 21:05:33 0 [Note] Plugin 'FEEDBACK' is disabled.
2022-10-21 21:05:33 0 [Note] InnoDB: Loading buffer pool(s) from /config/databases/ib_buffer_pool
2022-10-21 21:05:33 0 [Note] Server socket created on IP: '::'.
2022-10-21 21:05:33 0 [Note] InnoDB: Buffer pool(s) load completed at 221021 21:05:33
2022-10-21 21:05:33 0 [Note] Reading of all Master_info entries succeeded
2022-10-21 21:05:33 0 [Note] Added new Master_info '' to hash table
2022-10-21 21:05:33 0 [Note] /usr/bin/mariadbd: ready for connections.
Version: '10.5.15-MariaDB-log'  socket: '/run/mysqld/mysqld.sock'  port: 3306  MariaDB Server
2022-10-21 21:05:34 4 [Warning] IP address '172.18.0.1' could not be resolved: Name does not resolve
2022-10-22 17:26:43 0 [Note] /usr/bin/mariadbd (initiated by: unknown): Normal shutdown
2022-10-22 17:26:43 0 [Note] Event Scheduler: Purging the queue. 0 events
2022-10-22 17:26:43 0 [Note] InnoDB: FTS optimize thread exiting.
2022-10-22 17:26:43 0 [Note] InnoDB: Starting shutdown...
2022-10-22 17:26:43 0 [Note] InnoDB: Dumping buffer pool(s) to /config/databases/ib_buffer_pool
2022-10-22 17:26:43 0 [Note] InnoDB: Buffer pool(s) dump completed at 221022 17:26:43
2022-10-22 17:26:44 0 [Note] InnoDB: Removed temporary tablespace data file: "ibtmp1"
2022-10-22 17:26:44 0 [Note] InnoDB: Shutdown completed; log sequence number 1752808; transaction id 3923
2022-10-22 17:26:44 0 [Note] /usr/bin/mariadbd: Shutdown complete

221022 17:26:44 mysqld_safe mysqld from pid file /var/run/mysqld/mysqld.pid ended
221022 17:29:26 mysqld_safe Starting mariadbd daemon with databases from /config/databases
2022-10-22 17:29:26 0 [Note] /usr/bin/mariadbd (mysqld 10.5.15-MariaDB-log) starting as process 520 ...
2022-10-22 17:29:26 0 [Note] InnoDB: Uses event mutexes
2022-10-22 17:29:26 0 [Note] InnoDB: Compressed tables use zlib 1.2.11
2022-10-22 17:29:26 0 [Note] InnoDB: Number of pools: 1
2022-10-22 17:29:26 0 [Note] InnoDB: Using crc32 + pclmulqdq instructions
2022-10-22 17:29:26 0 [Note] mariadbd: O_TMPFILE is not supported on /var/tmp (disabling future attempts)
2022-10-22 17:29:26 0 [Note] InnoDB: Using Linux native AIO
2022-10-22 17:29:26 0 [Note] InnoDB: Initializing buffer pool, total size = 268435456, chunk size = 134217728
2022-10-22 17:29:26 0 [Note] InnoDB: Completed initialization of buffer pool
2022-10-22 17:29:26 0 [Note] InnoDB: 128 rollback segments are active.
2022-10-22 17:29:26 0 [Note] InnoDB: Creating shared tablespace for temporary tables
2022-10-22 17:29:26 0 [Note] InnoDB: Setting file './ibtmp1' size to 12 MB. Physically writing the file full; Please wait ...
2022-10-22 17:29:26 0 [Note] InnoDB: File './ibtmp1' size is now 12 MB.
2022-10-22 17:29:26 0 [Note] InnoDB: 10.5.15 started; log sequence number 1752808; transaction id 3921
2022-10-22 17:29:26 0 [Note] Plugin 'FEEDBACK' is disabled.
2022-10-22 17:29:26 0 [Note] InnoDB: Loading buffer pool(s) from /config/databases/ib_buffer_pool
2022-10-22 17:29:26 0 [Note] Server socket created on IP: '::'.
2022-10-22 17:29:26 0 [Note] InnoDB: Buffer pool(s) load completed at 221022 17:29:26
2022-10-22 17:29:26 0 [Note] Reading of all Master_info entries succeeded
2022-10-22 17:29:26 0 [Note] Added new Master_info '' to hash table
2022-10-22 17:29:26 0 [Note] /usr/bin/mariadbd: ready for connections.
Version: '10.5.15-MariaDB-log'  socket: '/run/mysqld/mysqld.sock'  port: 3306  MariaDB Server
2022-10-22 17:29:26 4 [Warning] IP address '172.18.0.1' could not be resolved: Name does not resolve
221022 19:36:47 mysqld_safe Starting mariadbd daemon with databases from /config/databases
2022-10-22 19:36:47 0 [Note] /usr/bin/mariadbd (mysqld 10.5.15-MariaDB-log) starting as process 522 ...
2022-10-22 19:36:47 0 [Note] InnoDB: Uses event mutexes
2022-10-22 19:36:47 0 [Note] InnoDB: Compressed tables use zlib 1.2.11
2022-10-22 19:36:47 0 [Note] InnoDB: Number of pools: 1
2022-10-22 19:36:47 0 [Note] InnoDB: Using crc32 + pclmulqdq instructions
2022-10-22 19:36:47 0 [Note] mariadbd: O_TMPFILE is not supported on /var/tmp (disabling future attempts)
2022-10-22 19:36:47 0 [Note] InnoDB: Using Linux native AIO
2022-10-22 19:36:47 0 [Note] InnoDB: Initializing buffer pool, total size = 268435456, chunk size = 134217728
2022-10-22 19:36:47 0 [Note] InnoDB: Completed initialization of buffer pool
2022-10-22 19:36:47 0 [Note] InnoDB: Starting crash recovery from checkpoint LSN=1752808,1752808
2022-10-22 19:36:47 0 [Note] InnoDB: Last binlog file '/config/log/mysql/mariadb-bin.000025', position 84040
2022-10-22 19:36:47 0 [Note] InnoDB: 128 rollback segments are active.
2022-10-22 19:36:47 0 [Note] InnoDB: Removed temporary tablespace data file: "ibtmp1"
2022-10-22 19:36:47 0 [Note] InnoDB: Creating shared tablespace for temporary tables
2022-10-22 19:36:47 0 [Note] InnoDB: Setting file './ibtmp1' size to 12 MB. Physically writing the file full; Please wait ...
2022-10-22 19:36:47 0 [Note] InnoDB: File './ibtmp1' size is now 12 MB.
2022-10-22 19:36:47 0 [Note] InnoDB: 10.5.15 started; log sequence number 1752820; transaction id 3921
2022-10-22 19:36:47 0 [Note] Plugin 'FEEDBACK' is disabled.
2022-10-22 19:36:47 0 [Note] InnoDB: Loading buffer pool(s) from /config/databases/ib_buffer_pool
2022-10-22 19:36:48 0 [Note] Recovering after a crash using /config/log/mysql/mariadb-bin
2022-10-22 19:36:48 0 [Note] Starting crash recovery...
2022-10-22 19:36:48 0 [Note] Crash recovery finished.
2022-10-22 19:36:48 0 [Note] Server socket created on IP: '::'.
2022-10-22 19:36:48 0 [Note] Reading of all Master_info entries succeeded
2022-10-22 19:36:48 0 [Note] Added new Master_info '' to hash table
2022-10-22 19:36:48 0 [Note] /usr/bin/mariadbd: ready for connections.
Version: '10.5.15-MariaDB-log'  socket: '/run/mysqld/mysqld.sock'  port: 3306  MariaDB Server
2022-10-22 19:36:48 0 [Note] InnoDB: Buffer pool(s) load completed at 221022 19:36:48
2022-10-22 19:36:48 4 [Warning] IP address '172.18.0.1' could not be resolved: Name does not resolve
2022-10-24  9:19:46 0 [Note] /usr/bin/mariadbd (initiated by: unknown): Normal shutdown
2022-10-24  9:19:46 0 [Note] Event Scheduler: Purging the queue. 0 events
2022-10-24  9:19:46 0 [Note] InnoDB: FTS optimize thread exiting.
2022-10-24  9:19:47 0 [Note] InnoDB: Starting shutdown...
2022-10-24  9:19:47 0 [Note] InnoDB: Dumping buffer pool(s) to /config/databases/ib_buffer_pool
2022-10-24  9:19:47 0 [Note] InnoDB: Buffer pool(s) dump completed at 221024  9:19:47
2022-10-24  9:19:47 0 [Note] InnoDB: Removed temporary tablespace data file: "ibtmp1"
2022-10-24  9:19:47 0 [Note] InnoDB: Shutdown completed; log sequence number 1752844; transaction id 3923
2022-10-24  9:19:47 0 [Note] /usr/bin/mariadbd: Shutdown complete

221024 09:19:47 mysqld_safe mysqld from pid file /var/run/mysqld/mysqld.pid ended
221024 09:21:06 mysqld_safe Starting mariadbd daemon with databases from /config/databases
2022-10-24  9:21:06 0 [Note] /usr/bin/mariadbd (mysqld 10.5.15-MariaDB-log) starting as process 521 ...
2022-10-24  9:21:06 0 [Note] InnoDB: Uses event mutexes
2022-10-24  9:21:06 0 [Note] InnoDB: Compressed tables use zlib 1.2.11
2022-10-24  9:21:06 0 [Note] InnoDB: Number of pools: 1
2022-10-24  9:21:06 0 [Note] InnoDB: Using crc32 + pclmulqdq instructions
2022-10-24  9:21:06 0 [Note] mariadbd: O_TMPFILE is not supported on /var/tmp (disabling future attempts)
2022-10-24  9:21:06 0 [Note] InnoDB: Using Linux native AIO
2022-10-24  9:21:06 0 [Note] InnoDB: Initializing buffer pool, total size = 268435456, chunk size = 134217728
2022-10-24  9:21:06 0 [Note] InnoDB: Completed initialization of buffer pool
2022-10-24  9:21:06 0 [Note] InnoDB: 128 rollback segments are active.
2022-10-24  9:21:06 0 [Note] InnoDB: Creating shared tablespace for temporary tables
2022-10-24  9:21:06 0 [Note] InnoDB: Setting file './ibtmp1' size to 12 MB. Physically writing the file full; Please wait ...
2022-10-24  9:21:06 0 [Note] InnoDB: File './ibtmp1' size is now 12 MB.
2022-10-24  9:21:06 0 [Note] InnoDB: 10.5.15 started; log sequence number 1752844; transaction id 3921
2022-10-24  9:21:06 0 [Note] Plugin 'FEEDBACK' is disabled.
2022-10-24  9:21:06 0 [Note] InnoDB: Loading buffer pool(s) from /config/databases/ib_buffer_pool
2022-10-24  9:21:06 0 [Note] Server socket created on IP: '::'.
2022-10-24  9:21:07 0 [Note] Reading of all Master_info entries succeeded
2022-10-24  9:21:07 0 [Note] Added new Master_info '' to hash table
2022-10-24  9:21:07 0 [Note] /usr/bin/mariadbd: ready for connections.
Version: '10.5.15-MariaDB-log'  socket: '/run/mysqld/mysqld.sock'  port: 3306  MariaDB Server
2022-10-24  9:21:07 0 [Note] InnoDB: Buffer pool(s) load completed at 221024  9:21:07
2022-10-24  9:21:07 4 [Warning] IP address '172.18.0.1' could not be resolved: Name does not resolve
221107 22:11:34 mysqld_safe Starting mariadbd daemon with databases from /config/databases
2022-11-07 22:11:34 0 [Note] /usr/bin/mariadbd (mysqld 10.5.15-MariaDB-log) starting as process 522 ...
2022-11-07 22:11:34 0 [Note] InnoDB: Uses event mutexes
2022-11-07 22:11:34 0 [Note] InnoDB: Compressed tables use zlib 1.2.11
2022-11-07 22:11:34 0 [Note] InnoDB: Number of pools: 1
2022-11-07 22:11:34 0 [Note] InnoDB: Using crc32 + pclmulqdq instructions
2022-11-07 22:11:34 0 [Note] mariadbd: O_TMPFILE is not supported on /var/tmp (disabling future attempts)
2022-11-07 22:11:34 0 [Note] InnoDB: Using Linux native AIO
2022-11-07 22:11:34 0 [Note] InnoDB: Initializing buffer pool, total size = 268435456, chunk size = 134217728
2022-11-07 22:11:35 0 [Note] InnoDB: Completed initialization of buffer pool
2022-11-07 22:11:35 0 [Note] InnoDB: Starting crash recovery from checkpoint LSN=1752844,1752844
2022-11-07 22:11:35 0 [Note] InnoDB: Last binlog file '/config/log/mysql/mariadb-bin.000025', position 84040
2022-11-07 22:11:35 0 [Note] InnoDB: 128 rollback segments are active.
2022-11-07 22:11:35 0 [Note] InnoDB: Removed temporary tablespace data file: "ibtmp1"
2022-11-07 22:11:35 0 [Note] InnoDB: Creating shared tablespace for temporary tables
2022-11-07 22:11:35 0 [Note] InnoDB: Setting file './ibtmp1' size to 12 MB. Physically writing the file full; Please wait ...
2022-11-07 22:11:35 0 [Note] InnoDB: File './ibtmp1' size is now 12 MB.
2022-11-07 22:11:35 0 [Note] InnoDB: 10.5.15 started; log sequence number 1752856; transaction id 3921
2022-11-07 22:11:35 0 [Note] Plugin 'FEEDBACK' is disabled.
2022-11-07 22:11:35 0 [Note] InnoDB: Loading buffer pool(s) from /config/databases/ib_buffer_pool
2022-11-07 22:11:35 0 [Note] Recovering after a crash using /config/log/mysql/mariadb-bin
2022-11-07 22:11:35 0 [Note] Starting crash recovery...
2022-11-07 22:11:35 0 [Note] Crash recovery finished.
2022-11-07 22:11:35 0 [Note] Server socket created on IP: '::'.
2022-11-07 22:11:35 0 [Note] Reading of all Master_info entries succeeded
2022-11-07 22:11:35 0 [Note] Added new Master_info '' to hash table
2022-11-07 22:11:35 0 [Note] /usr/bin/mariadbd: ready for connections.
Version: '10.5.15-MariaDB-log'  socket: '/run/mysqld/mysqld.sock'  port: 3306  MariaDB Server
2022-11-07 22:11:35 0 [Note] InnoDB: Buffer pool(s) load completed at 221107 22:11:35
2022-11-07 22:11:36 4 [Warning] IP address '172.18.0.1' could not be resolved: Name does not resolve
2022-11-09 16:21:51 0 [Note] /usr/bin/mariadbd (initiated by: unknown): Normal shutdown
2022-11-09 16:21:51 0 [Note] Event Scheduler: Purging the queue. 0 events
2022-11-09 16:21:51 0 [Note] InnoDB: FTS optimize thread exiting.
2022-11-09 16:21:51 0 [Note] InnoDB: Starting shutdown...
2022-11-09 16:21:51 0 [Note] InnoDB: Dumping buffer pool(s) to /config/databases/ib_buffer_pool
2022-11-09 16:21:51 0 [Note] InnoDB: Buffer pool(s) dump completed at 221109 16:21:51
2022-11-09 16:21:52 0 [Note] InnoDB: Removed temporary tablespace data file: "ibtmp1"
2022-11-09 16:21:52 0 [Note] InnoDB: Shutdown completed; log sequence number 1752880; transaction id 3923
2022-11-09 16:21:52 0 [Note] /usr/bin/mariadbd: Shutdown complete

221109 16:21:52 mysqld_safe mysqld from pid file /var/run/mysqld/mysqld.pid ended
