220529 16:59:29 mysqld_safe Starting mariadbd daemon with databases from /config/databases
2022-05-29 16:59:29 0 [Note] /usr/bin/mariadbd (mysqld 10.5.15-MariaDB-log) starting as process 595 ...
2022-05-29 16:59:29 0 [Note] InnoDB: Uses event mutexes
2022-05-29 16:59:29 0 [Note] InnoDB: Compressed tables use zlib 1.2.11
2022-05-29 16:59:29 0 [Note] InnoDB: Number of pools: 1
2022-05-29 16:59:29 0 [Note] InnoDB: Using crc32 + pclmulqdq instructions
2022-05-29 16:59:29 0 [Note] mariadbd: O_TMPFILE is not supported on /var/tmp (disabling future attempts)
2022-05-29 16:59:29 0 [Note] InnoDB: Using Linux native AIO
2022-05-29 16:59:29 0 [Note] InnoDB: Initializing buffer pool, total size = 268435456, chunk size = 134217728
2022-05-29 16:59:29 0 [Note] InnoDB: Completed initialization of buffer pool
2022-05-29 16:59:29 0 [Note] InnoDB: 128 rollback segments are active.
2022-05-29 16:59:29 0 [Note] InnoDB: Creating shared tablespace for temporary tables
2022-05-29 16:59:29 0 [Note] InnoDB: Setting file './ibtmp1' size to 12 MB. Physically writing the file full; Please wait ...
2022-05-29 16:59:29 0 [Note] InnoDB: File './ibtmp1' size is now 12 MB.
2022-05-29 16:59:29 0 [Note] InnoDB: 10.5.15 started; log sequence number 45118; transaction id 20
2022-05-29 16:59:29 0 [Note] InnoDB: Loading buffer pool(s) from /config/databases/ib_buffer_pool
2022-05-29 16:59:29 0 [Note] Plugin 'FEEDBACK' is disabled.
2022-05-29 16:59:29 0 [Note] InnoDB: Buffer pool(s) load completed at 220529 16:59:29
2022-05-29 16:59:29 0 [Note] Server socket created on IP: '::'.
2022-05-29 16:59:29 0 [Note] Reading of all Master_info entries succeeded
2022-05-29 16:59:29 0 [Note] Added new Master_info '' to hash table
2022-05-29 16:59:29 0 [Note] /usr/bin/mariadbd: ready for connections.
Version: '10.5.15-MariaDB-log'  socket: '/run/mysqld/mysqld.sock'  port: 3306  MariaDB Server
2022-05-29 17:00:10 4 [Warning] IP address '172.21.0.1' could not be resolved: Name does not resolve
2022-05-30 16:27:41 0 [Note] /usr/bin/mariadbd (initiated by: unknown): Normal shutdown
2022-05-30 16:27:41 0 [Note] Event Scheduler: Purging the queue. 0 events
2022-05-30 16:27:41 0 [Note] InnoDB: FTS optimize thread exiting.
2022-05-30 16:27:41 0 [Note] InnoDB: Starting shutdown...
2022-05-30 16:27:41 0 [Note] InnoDB: Dumping buffer pool(s) to /config/databases/ib_buffer_pool
2022-05-30 16:27:41 0 [Note] InnoDB: Buffer pool(s) dump completed at 220530 16:27:41
2022-05-30 16:27:42 0 [Note] InnoDB: Removed temporary tablespace data file: "ibtmp1"
2022-05-30 16:27:42 0 [Note] InnoDB: Shutdown completed; log sequence number 1085534; transaction id 3189
2022-05-30 16:27:42 0 [Note] /usr/bin/mariadbd: Shutdown complete

220530 16:27:42 mysqld_safe mysqld from pid file /var/run/mysqld/mysqld.pid ended
220530 16:30:23 mysqld_safe Starting mariadbd daemon with databases from /config/databases
2022-05-30 16:30:23 0 [Note] /usr/bin/mariadbd (mysqld 10.5.15-MariaDB-log) starting as process 521 ...
2022-05-30 16:30:23 0 [Note] InnoDB: Uses event mutexes
2022-05-30 16:30:23 0 [Note] InnoDB: Compressed tables use zlib 1.2.11
2022-05-30 16:30:23 0 [Note] InnoDB: Number of pools: 1
2022-05-30 16:30:23 0 [Note] InnoDB: Using crc32 + pclmulqdq instructions
2022-05-30 16:30:23 0 [Note] mariadbd: O_TMPFILE is not supported on /var/tmp (disabling future attempts)
2022-05-30 16:30:23 0 [Note] InnoDB: Using Linux native AIO
2022-05-30 16:30:23 0 [Note] InnoDB: Initializing buffer pool, total size = 268435456, chunk size = 134217728
2022-05-30 16:30:23 0 [Note] InnoDB: Completed initialization of buffer pool
2022-05-30 16:30:23 0 [Note] InnoDB: 128 rollback segments are active.
2022-05-30 16:30:23 0 [Note] InnoDB: Creating shared tablespace for temporary tables
2022-05-30 16:30:23 0 [Note] InnoDB: Setting file './ibtmp1' size to 12 MB. Physically writing the file full; Please wait ...
2022-05-30 16:30:23 0 [Note] InnoDB: File './ibtmp1' size is now 12 MB.
2022-05-30 16:30:23 0 [Note] InnoDB: 10.5.15 started; log sequence number 1085534; transaction id 3185
2022-05-30 16:30:23 0 [Note] Plugin 'FEEDBACK' is disabled.
2022-05-30 16:30:23 0 [Note] InnoDB: Loading buffer pool(s) from /config/databases/ib_buffer_pool
2022-05-30 16:30:23 0 [Note] Server socket created on IP: '::'.
2022-05-30 16:30:24 0 [Note] Reading of all Master_info entries succeeded
2022-05-30 16:30:24 0 [Note] Added new Master_info '' to hash table
2022-05-30 16:30:24 0 [Note] /usr/bin/mariadbd: ready for connections.
Version: '10.5.15-MariaDB-log'  socket: '/run/mysqld/mysqld.sock'  port: 3306  MariaDB Server
2022-05-30 16:30:24 0 [Note] InnoDB: Buffer pool(s) load completed at 220530 16:30:24
2022-05-30 16:30:24 4 [Warning] IP address '172.21.0.1' could not be resolved: Name does not resolve
2022-05-31 17:10:52 0 [Note] /usr/bin/mariadbd (initiated by: unknown): Normal shutdown
2022-05-31 17:10:52 0 [Note] Event Scheduler: Purging the queue. 0 events
2022-05-31 17:10:52 0 [Note] InnoDB: FTS optimize thread exiting.
2022-05-31 17:10:52 0 [Note] InnoDB: Starting shutdown...
2022-05-31 17:10:52 0 [Note] InnoDB: Dumping buffer pool(s) to /config/databases/ib_buffer_pool
2022-05-31 17:10:52 0 [Note] InnoDB: Buffer pool(s) dump completed at 220531 17:10:52
2022-05-31 17:10:52 0 [Note] InnoDB: Removed temporary tablespace data file: "ibtmp1"
2022-05-31 17:10:52 0 [Note] InnoDB: Shutdown completed; log sequence number 1085546; transaction id 3187
2022-05-31 17:10:52 0 [Note] /usr/bin/mariadbd: Shutdown complete

220531 17:10:52 mysqld_safe mysqld from pid file /var/run/mysqld/mysqld.pid ended
220601 14:33:40 mysqld_safe Starting mariadbd daemon with databases from /config/databases
2022-06-01 14:33:41 0 [Note] /usr/bin/mariadbd (mysqld 10.5.15-MariaDB-log) starting as process 521 ...
2022-06-01 14:33:41 0 [Note] InnoDB: Uses event mutexes
2022-06-01 14:33:41 0 [Note] InnoDB: Compressed tables use zlib 1.2.11
2022-06-01 14:33:41 0 [Note] InnoDB: Number of pools: 1
2022-06-01 14:33:41 0 [Note] InnoDB: Using crc32 + pclmulqdq instructions
2022-06-01 14:33:41 0 [Note] mariadbd: O_TMPFILE is not supported on /var/tmp (disabling future attempts)
2022-06-01 14:33:41 0 [Note] InnoDB: Using Linux native AIO
2022-06-01 14:33:41 0 [Note] InnoDB: Initializing buffer pool, total size = 268435456, chunk size = 134217728
2022-06-01 14:33:41 0 [Note] InnoDB: Completed initialization of buffer pool
2022-06-01 14:33:41 0 [Note] InnoDB: 128 rollback segments are active.
2022-06-01 14:33:41 0 [Note] InnoDB: Creating shared tablespace for temporary tables
2022-06-01 14:33:41 0 [Note] InnoDB: Setting file './ibtmp1' size to 12 MB. Physically writing the file full; Please wait ...
2022-06-01 14:33:41 0 [Note] InnoDB: File './ibtmp1' size is now 12 MB.
2022-06-01 14:33:41 0 [Note] InnoDB: 10.5.15 started; log sequence number 1085546; transaction id 3185
2022-06-01 14:33:41 0 [Note] Plugin 'FEEDBACK' is disabled.
2022-06-01 14:33:41 0 [Note] InnoDB: Loading buffer pool(s) from /config/databases/ib_buffer_pool
2022-06-01 14:33:41 0 [Note] Server socket created on IP: '::'.
2022-06-01 14:33:41 0 [Note] Reading of all Master_info entries succeeded
2022-06-01 14:33:41 0 [Note] Added new Master_info '' to hash table
2022-06-01 14:33:41 0 [Note] /usr/bin/mariadbd: ready for connections.
Version: '10.5.15-MariaDB-log'  socket: '/run/mysqld/mysqld.sock'  port: 3306  MariaDB Server
2022-06-01 14:33:41 0 [Note] InnoDB: Buffer pool(s) load completed at 220601 14:33:41
2022-06-01 14:33:42 4 [Warning] IP address '172.21.0.1' could not be resolved: Name does not resolve
2022-06-14 13:01:09 0 [Note] /usr/bin/mariadbd (initiated by: unknown): Normal shutdown
2022-06-14 13:01:09 0 [Note] Event Scheduler: Purging the queue. 0 events
2022-06-14 13:01:09 0 [Note] InnoDB: FTS optimize thread exiting.
2022-06-14 13:01:09 0 [Note] InnoDB: Starting shutdown...
2022-06-14 13:01:09 0 [Note] InnoDB: Dumping buffer pool(s) to /config/databases/ib_buffer_pool
2022-06-14 13:01:09 0 [Note] InnoDB: Buffer pool(s) dump completed at 220614 13:01:09
2022-06-14 13:01:10 0 [Note] InnoDB: Removed temporary tablespace data file: "ibtmp1"
2022-06-14 13:01:10 0 [Note] InnoDB: Shutdown completed; log sequence number 1085558; transaction id 3187
2022-06-14 13:01:10 0 [Note] /usr/bin/mariadbd: Shutdown complete

220614 13:01:10 mysqld_safe mysqld from pid file /var/run/mysqld/mysqld.pid ended
220614 13:06:53 mysqld_safe Starting mariadbd daemon with databases from /config/databases
2022-06-14 13:06:53 0 [Note] /usr/bin/mariadbd (mysqld 10.5.15-MariaDB-log) starting as process 521 ...
2022-06-14 13:06:53 0 [Note] InnoDB: Uses event mutexes
2022-06-14 13:06:53 0 [Note] InnoDB: Compressed tables use zlib 1.2.11
2022-06-14 13:06:53 0 [Note] InnoDB: Number of pools: 1
2022-06-14 13:06:53 0 [Note] InnoDB: Using crc32 + pclmulqdq instructions
2022-06-14 13:06:53 0 [Note] mariadbd: O_TMPFILE is not supported on /var/tmp (disabling future attempts)
2022-06-14 13:06:53 0 [Note] InnoDB: Using Linux native AIO
2022-06-14 13:06:53 0 [Note] InnoDB: Initializing buffer pool, total size = 268435456, chunk size = 134217728
2022-06-14 13:06:53 0 [Note] InnoDB: Completed initialization of buffer pool
2022-06-14 13:06:53 0 [Note] InnoDB: 128 rollback segments are active.
2022-06-14 13:06:53 0 [Note] InnoDB: Creating shared tablespace for temporary tables
2022-06-14 13:06:53 0 [Note] InnoDB: Setting file './ibtmp1' size to 12 MB. Physically writing the file full; Please wait ...
2022-06-14 13:06:53 0 [Note] InnoDB: File './ibtmp1' size is now 12 MB.
2022-06-14 13:06:53 0 [Note] InnoDB: 10.5.15 started; log sequence number 1085558; transaction id 3185
2022-06-14 13:06:53 0 [Note] Plugin 'FEEDBACK' is disabled.
2022-06-14 13:06:53 0 [Note] InnoDB: Loading buffer pool(s) from /config/databases/ib_buffer_pool
2022-06-14 13:06:53 0 [Note] Server socket created on IP: '::'.
2022-06-14 13:06:53 0 [Note] InnoDB: Buffer pool(s) load completed at 220614 13:06:53
2022-06-14 13:06:53 0 [Note] Reading of all Master_info entries succeeded
2022-06-14 13:06:53 0 [Note] Added new Master_info '' to hash table
2022-06-14 13:06:53 0 [Note] /usr/bin/mariadbd: ready for connections.
Version: '10.5.15-MariaDB-log'  socket: '/run/mysqld/mysqld.sock'  port: 3306  MariaDB Server
2022-06-14 13:06:55 4 [Warning] IP address '172.21.0.1' could not be resolved: Name does not resolve
2022-06-14 13:08:13 0 [Note] /usr/bin/mariadbd (initiated by: unknown): Normal shutdown
2022-06-14 13:08:13 0 [Note] Event Scheduler: Purging the queue. 0 events
2022-06-14 13:08:13 0 [Note] InnoDB: FTS optimize thread exiting.
2022-06-14 13:08:13 0 [Note] InnoDB: Starting shutdown...
2022-06-14 13:08:13 0 [Note] InnoDB: Dumping buffer pool(s) to /config/databases/ib_buffer_pool
2022-06-14 13:08:13 0 [Note] InnoDB: Buffer pool(s) dump completed at 220614 13:08:13
2022-06-14 13:08:13 0 [Note] InnoDB: Removed temporary tablespace data file: "ibtmp1"
2022-06-14 13:08:13 0 [Note] InnoDB: Shutdown completed; log sequence number 1085570; transaction id 3187
2022-06-14 13:08:13 0 [Note] /usr/bin/mariadbd: Shutdown complete

220614 13:08:13 mysqld_safe mysqld from pid file /var/run/mysqld/mysqld.pid ended
220614 13:12:05 mysqld_safe Starting mariadbd daemon with databases from /config/databases
2022-06-14 13:12:05 0 [Note] /usr/bin/mariadbd (mysqld 10.5.15-MariaDB-log) starting as process 522 ...
2022-06-14 13:12:05 0 [Note] InnoDB: Uses event mutexes
2022-06-14 13:12:05 0 [Note] InnoDB: Compressed tables use zlib 1.2.11
2022-06-14 13:12:05 0 [Note] InnoDB: Number of pools: 1
2022-06-14 13:12:05 0 [Note] InnoDB: Using crc32 + pclmulqdq instructions
2022-06-14 13:12:05 0 [Note] mariadbd: O_TMPFILE is not supported on /var/tmp (disabling future attempts)
2022-06-14 13:12:05 0 [Note] InnoDB: Using Linux native AIO
2022-06-14 13:12:05 0 [Note] InnoDB: Initializing buffer pool, total size = 268435456, chunk size = 134217728
2022-06-14 13:12:05 0 [Note] InnoDB: Completed initialization of buffer pool
2022-06-14 13:12:05 0 [Note] InnoDB: 128 rollback segments are active.
2022-06-14 13:12:05 0 [Note] InnoDB: Creating shared tablespace for temporary tables
2022-06-14 13:12:05 0 [Note] InnoDB: Setting file './ibtmp1' size to 12 MB. Physically writing the file full; Please wait ...
2022-06-14 13:12:05 0 [Note] InnoDB: File './ibtmp1' size is now 12 MB.
2022-06-14 13:12:05 0 [Note] InnoDB: 10.5.15 started; log sequence number 1085570; transaction id 3185
2022-06-14 13:12:05 0 [Note] Plugin 'FEEDBACK' is disabled.
2022-06-14 13:12:05 0 [Note] InnoDB: Loading buffer pool(s) from /config/databases/ib_buffer_pool
2022-06-14 13:12:05 0 [Note] Server socket created on IP: '::'.
2022-06-14 13:12:05 0 [Note] Reading of all Master_info entries succeeded
2022-06-14 13:12:05 0 [Note] Added new Master_info '' to hash table
2022-06-14 13:12:05 0 [Note] /usr/bin/mariadbd: ready for connections.
Version: '10.5.15-MariaDB-log'  socket: '/run/mysqld/mysqld.sock'  port: 3306  MariaDB Server
2022-06-14 13:12:05 0 [Note] InnoDB: Buffer pool(s) load completed at 220614 13:12:05
2022-06-14 13:12:06 4 [Warning] IP address '172.21.0.1' could not be resolved: Name does not resolve
220624 16:07:54 mysqld_safe Starting mariadbd daemon with databases from /config/databases
2022-06-24 16:07:54 0 [Note] /usr/bin/mariadbd (mysqld 10.5.15-MariaDB-log) starting as process 528 ...
2022-06-24 16:07:54 0 [Note] InnoDB: Uses event mutexes
2022-06-24 16:07:54 0 [Note] InnoDB: Compressed tables use zlib 1.2.11
2022-06-24 16:07:54 0 [Note] InnoDB: Number of pools: 1
2022-06-24 16:07:54 0 [Note] InnoDB: Using crc32 + pclmulqdq instructions
2022-06-24 16:07:54 0 [Note] mariadbd: O_TMPFILE is not supported on /var/tmp (disabling future attempts)
2022-06-24 16:07:54 0 [Note] InnoDB: Using Linux native AIO
2022-06-24 16:07:54 0 [Note] InnoDB: Initializing buffer pool, total size = 268435456, chunk size = 134217728
2022-06-24 16:07:54 0 [Note] InnoDB: Completed initialization of buffer pool
2022-06-24 16:07:54 0 [Note] InnoDB: Starting crash recovery from checkpoint LSN=1085570,1085570
2022-06-24 16:07:54 0 [Note] InnoDB: Last binlog file '/config/log/mysql/mariadb-bin.000003', position 193186
2022-06-24 16:07:54 0 [Note] InnoDB: 128 rollback segments are active.
2022-06-24 16:07:54 0 [Note] InnoDB: Removed temporary tablespace data file: "ibtmp1"
2022-06-24 16:07:54 0 [Note] InnoDB: Creating shared tablespace for temporary tables
2022-06-24 16:07:54 0 [Note] InnoDB: Setting file './ibtmp1' size to 12 MB. Physically writing the file full; Please wait ...
2022-06-24 16:07:54 0 [Note] InnoDB: File './ibtmp1' size is now 12 MB.
2022-06-24 16:07:54 0 [Note] InnoDB: 10.5.15 started; log sequence number 1085582; transaction id 3185
2022-06-24 16:07:54 0 [Note] Plugin 'FEEDBACK' is disabled.
2022-06-24 16:07:54 0 [Note] InnoDB: Loading buffer pool(s) from /config/databases/ib_buffer_pool
2022-06-24 16:07:54 0 [Note] Recovering after a crash using /config/log/mysql/mariadb-bin
2022-06-24 16:07:54 0 [Note] Starting crash recovery...
2022-06-24 16:07:54 0 [Note] Crash recovery finished.
2022-06-24 16:07:55 0 [Note] Server socket created on IP: '::'.
2022-06-24 16:07:55 0 [Note] Reading of all Master_info entries succeeded
2022-06-24 16:07:55 0 [Note] Added new Master_info '' to hash table
2022-06-24 16:07:55 0 [Note] /usr/bin/mariadbd: ready for connections.
Version: '10.5.15-MariaDB-log'  socket: '/run/mysqld/mysqld.sock'  port: 3306  MariaDB Server
2022-06-24 16:07:55 0 [Note] InnoDB: Buffer pool(s) load completed at 220624 16:07:55
2022-06-24 16:07:55 4 [Warning] IP address '172.21.0.1' could not be resolved: Name does not resolve
2022-06-25 17:25:15 0 [Note] /usr/bin/mariadbd (initiated by: unknown): Normal shutdown
2022-06-25 17:25:15 0 [Note] Event Scheduler: Purging the queue. 0 events
2022-06-25 17:25:15 0 [Note] InnoDB: FTS optimize thread exiting.
2022-06-25 17:25:15 0 [Note] InnoDB: Starting shutdown...
2022-06-25 17:25:15 0 [Note] InnoDB: Dumping buffer pool(s) to /config/databases/ib_buffer_pool
2022-06-25 17:25:15 0 [Note] InnoDB: Buffer pool(s) dump completed at 220625 17:25:15
2022-06-25 17:25:15 0 [Note] InnoDB: Removed temporary tablespace data file: "ibtmp1"
2022-06-25 17:25:15 0 [Note] InnoDB: Shutdown completed; log sequence number 1085606; transaction id 3187
2022-06-25 17:25:15 0 [Note] /usr/bin/mariadbd: Shutdown complete

220625 17:25:15 mysqld_safe mysqld from pid file /var/run/mysqld/mysqld.pid ended
220625 17:26:22 mysqld_safe Starting mariadbd daemon with databases from /config/databases
2022-06-25 17:26:22 0 [Note] /usr/bin/mariadbd (mysqld 10.5.15-MariaDB-log) starting as process 523 ...
2022-06-25 17:26:22 0 [Note] InnoDB: Uses event mutexes
2022-06-25 17:26:22 0 [Note] InnoDB: Compressed tables use zlib 1.2.11
2022-06-25 17:26:22 0 [Note] InnoDB: Number of pools: 1
2022-06-25 17:26:22 0 [Note] InnoDB: Using crc32 + pclmulqdq instructions
2022-06-25 17:26:22 0 [Note] mariadbd: O_TMPFILE is not supported on /var/tmp (disabling future attempts)
2022-06-25 17:26:22 0 [Note] InnoDB: Using Linux native AIO
2022-06-25 17:26:22 0 [Note] InnoDB: Initializing buffer pool, total size = 268435456, chunk size = 134217728
2022-06-25 17:26:22 0 [Note] InnoDB: Completed initialization of buffer pool
2022-06-25 17:26:22 0 [Note] InnoDB: 128 rollback segments are active.
2022-06-25 17:26:22 0 [Note] InnoDB: Creating shared tablespace for temporary tables
2022-06-25 17:26:22 0 [Note] InnoDB: Setting file './ibtmp1' size to 12 MB. Physically writing the file full; Please wait ...
2022-06-25 17:26:22 0 [Note] InnoDB: File './ibtmp1' size is now 12 MB.
2022-06-25 17:26:22 0 [Note] InnoDB: 10.5.15 started; log sequence number 1085606; transaction id 3185
2022-06-25 17:26:22 0 [Note] Plugin 'FEEDBACK' is disabled.
2022-06-25 17:26:22 0 [Note] InnoDB: Loading buffer pool(s) from /config/databases/ib_buffer_pool
2022-06-25 17:26:22 0 [Note] Server socket created on IP: '::'.
2022-06-25 17:26:22 0 [Note] InnoDB: Buffer pool(s) load completed at 220625 17:26:22
2022-06-25 17:26:22 0 [Note] Reading of all Master_info entries succeeded
2022-06-25 17:26:22 0 [Note] Added new Master_info '' to hash table
2022-06-25 17:26:22 0 [Note] /usr/bin/mariadbd: ready for connections.
Version: '10.5.15-MariaDB-log'  socket: '/run/mysqld/mysqld.sock'  port: 3306  MariaDB Server
2022-06-25 17:26:23 4 [Warning] IP address '172.21.0.1' could not be resolved: Name does not resolve
220626 12:58:34 mysqld_safe Starting mariadbd daemon with databases from /config/databases
2022-06-26 12:58:34 0 [Note] /usr/bin/mariadbd (mysqld 10.5.15-MariaDB-log) starting as process 524 ...
2022-06-26 12:58:34 0 [Note] InnoDB: Uses event mutexes
2022-06-26 12:58:34 0 [Note] InnoDB: Compressed tables use zlib 1.2.11
2022-06-26 12:58:34 0 [Note] InnoDB: Number of pools: 1
2022-06-26 12:58:34 0 [Note] InnoDB: Using crc32 + pclmulqdq instructions
2022-06-26 12:58:34 0 [Note] mariadbd: O_TMPFILE is not supported on /var/tmp (disabling future attempts)
2022-06-26 12:58:34 0 [Note] InnoDB: Using Linux native AIO
2022-06-26 12:58:34 0 [Note] InnoDB: Initializing buffer pool, total size = 268435456, chunk size = 134217728
2022-06-26 12:58:34 0 [Note] InnoDB: Completed initialization of buffer pool
2022-06-26 12:58:34 0 [Note] InnoDB: Starting crash recovery from checkpoint LSN=1085606,1085606
2022-06-26 12:58:34 0 [Note] InnoDB: Last binlog file '/config/log/mysql/mariadb-bin.000003', position 193186
2022-06-26 12:58:34 0 [Note] InnoDB: 128 rollback segments are active.
2022-06-26 12:58:34 0 [Note] InnoDB: Removed temporary tablespace data file: "ibtmp1"
2022-06-26 12:58:34 0 [Note] InnoDB: Creating shared tablespace for temporary tables
2022-06-26 12:58:34 0 [Note] InnoDB: Setting file './ibtmp1' size to 12 MB. Physically writing the file full; Please wait ...
2022-06-26 12:58:34 0 [Note] InnoDB: File './ibtmp1' size is now 12 MB.
2022-06-26 12:58:34 0 [Note] InnoDB: 10.5.15 started; log sequence number 1085618; transaction id 3185
2022-06-26 12:58:34 0 [Note] Plugin 'FEEDBACK' is disabled.
2022-06-26 12:58:34 0 [Note] InnoDB: Loading buffer pool(s) from /config/databases/ib_buffer_pool
2022-06-26 12:58:34 0 [Note] Recovering after a crash using /config/log/mysql/mariadb-bin
2022-06-26 12:58:34 0 [Note] Starting crash recovery...
2022-06-26 12:58:34 0 [Note] Crash recovery finished.
2022-06-26 12:58:34 0 [Note] Server socket created on IP: '::'.
2022-06-26 12:58:34 0 [Note] Reading of all Master_info entries succeeded
2022-06-26 12:58:34 0 [Note] Added new Master_info '' to hash table
2022-06-26 12:58:34 0 [Note] /usr/bin/mariadbd: ready for connections.
Version: '10.5.15-MariaDB-log'  socket: '/run/mysqld/mysqld.sock'  port: 3306  MariaDB Server
2022-06-26 12:58:34 0 [Note] InnoDB: Buffer pool(s) load completed at 220626 12:58:34
2022-06-26 12:58:34 4 [Warning] IP address '172.21.0.1' could not be resolved: Name does not resolve
2022-06-27  0:20:46 0 [Note] /usr/bin/mariadbd (initiated by: unknown): Normal shutdown
2022-06-27  0:20:46 0 [Note] Event Scheduler: Purging the queue. 0 events
2022-06-27  0:20:46 0 [Note] InnoDB: FTS optimize thread exiting.
2022-06-27  0:20:46 0 [Note] InnoDB: Starting shutdown...
2022-06-27  0:20:46 0 [Note] InnoDB: Dumping buffer pool(s) to /config/databases/ib_buffer_pool
2022-06-27  0:20:46 0 [Note] InnoDB: Buffer pool(s) dump completed at 220627  0:20:46
2022-06-27  0:20:47 0 [Note] InnoDB: Removed temporary tablespace data file: "ibtmp1"
2022-06-27  0:20:47 0 [Note] InnoDB: Shutdown completed; log sequence number 1085642; transaction id 3191
2022-06-27  0:20:47 0 [Note] /usr/bin/mariadbd: Shutdown complete

220627 00:20:47 mysqld_safe mysqld from pid file /var/run/mysqld/mysqld.pid ended
