220627 00:20:52 mysqld_safe Starting mariadbd daemon with databases from /config/databases
2022-06-27  0:20:52 0 [Note] /usr/bin/mariadbd (mysqld 10.5.15-MariaDB-log) starting as process 523 ...
2022-06-27  0:20:52 0 [Note] InnoDB: Uses event mutexes
2022-06-27  0:20:52 0 [Note] InnoDB: Compressed tables use zlib 1.2.11
2022-06-27  0:20:52 0 [Note] InnoDB: Number of pools: 1
2022-06-27  0:20:52 0 [Note] InnoDB: Using crc32 + pclmulqdq instructions
2022-06-27  0:20:52 0 [Note] mariadbd: O_TMPFILE is not supported on /var/tmp (disabling future attempts)
2022-06-27  0:20:52 0 [Note] InnoDB: Using Linux native AIO
2022-06-27  0:20:52 0 [Note] InnoDB: Initializing buffer pool, total size = 268435456, chunk size = 134217728
2022-06-27  0:20:52 0 [Note] InnoDB: Completed initialization of buffer pool
2022-06-27  0:20:52 0 [Note] InnoDB: 128 rollback segments are active.
2022-06-27  0:20:52 0 [Note] InnoDB: Creating shared tablespace for temporary tables
2022-06-27  0:20:52 0 [Note] InnoDB: Setting file './ibtmp1' size to 12 MB. Physically writing the file full; Please wait ...
2022-06-27  0:20:52 0 [Note] InnoDB: File './ibtmp1' size is now 12 MB.
2022-06-27  0:20:52 0 [Note] InnoDB: 10.5.15 started; log sequence number 1085642; transaction id 3185
2022-06-27  0:20:52 0 [Note] Plugin 'FEEDBACK' is disabled.
2022-06-27  0:20:52 0 [Note] InnoDB: Loading buffer pool(s) from /config/databases/ib_buffer_pool
2022-06-27  0:20:52 0 [Note] Server socket created on IP: '::'.
2022-06-27  0:20:52 0 [Note] InnoDB: Buffer pool(s) load completed at 220627  0:20:52
2022-06-27  0:20:52 0 [Note] Reading of all Master_info entries succeeded
2022-06-27  0:20:52 0 [Note] Added new Master_info '' to hash table
2022-06-27  0:20:52 0 [Note] /usr/bin/mariadbd: ready for connections.
Version: '10.5.15-MariaDB-log'  socket: '/run/mysqld/mysqld.sock'  port: 3306  MariaDB Server
2022-06-27  0:20:53 4 [Warning] IP address '172.21.0.1' could not be resolved: Name does not resolve
220627 20:54:12 mysqld_safe Starting mariadbd daemon with databases from /config/databases
2022-06-27 20:54:12 0 [Note] /usr/bin/mariadbd (mysqld 10.5.15-MariaDB-log) starting as process 524 ...
2022-06-27 20:54:12 0 [Note] InnoDB: Uses event mutexes
2022-06-27 20:54:12 0 [Note] InnoDB: Compressed tables use zlib 1.2.11
2022-06-27 20:54:12 0 [Note] InnoDB: Number of pools: 1
2022-06-27 20:54:12 0 [Note] InnoDB: Using crc32 + pclmulqdq instructions
2022-06-27 20:54:12 0 [Note] mariadbd: O_TMPFILE is not supported on /var/tmp (disabling future attempts)
2022-06-27 20:54:12 0 [Note] InnoDB: Using Linux native AIO
2022-06-27 20:54:12 0 [Note] InnoDB: Initializing buffer pool, total size = 268435456, chunk size = 134217728
2022-06-27 20:54:12 0 [Note] InnoDB: Completed initialization of buffer pool
2022-06-27 20:54:12 0 [Note] InnoDB: Starting crash recovery from checkpoint LSN=1085642,1085642
2022-06-27 20:54:12 0 [Note] InnoDB: Last binlog file '/config/log/mysql/mariadb-bin.000003', position 193186
2022-06-27 20:54:12 0 [Note] InnoDB: 128 rollback segments are active.
2022-06-27 20:54:12 0 [Note] InnoDB: Removed temporary tablespace data file: "ibtmp1"
2022-06-27 20:54:12 0 [Note] InnoDB: Creating shared tablespace for temporary tables
2022-06-27 20:54:12 0 [Note] InnoDB: Setting file './ibtmp1' size to 12 MB. Physically writing the file full; Please wait ...
2022-06-27 20:54:12 0 [Note] InnoDB: File './ibtmp1' size is now 12 MB.
2022-06-27 20:54:12 0 [Note] InnoDB: 10.5.15 started; log sequence number 1085654; transaction id 3185
2022-06-27 20:54:12 0 [Note] Plugin 'FEEDBACK' is disabled.
2022-06-27 20:54:12 0 [Note] InnoDB: Loading buffer pool(s) from /config/databases/ib_buffer_pool
2022-06-27 20:54:12 0 [Note] Recovering after a crash using /config/log/mysql/mariadb-bin
2022-06-27 20:54:12 0 [Note] Starting crash recovery...
2022-06-27 20:54:12 0 [Note] Crash recovery finished.
2022-06-27 20:54:12 0 [Note] Server socket created on IP: '::'.
2022-06-27 20:54:12 0 [Note] Reading of all Master_info entries succeeded
2022-06-27 20:54:12 0 [Note] Added new Master_info '' to hash table
2022-06-27 20:54:12 0 [Note] /usr/bin/mariadbd: ready for connections.
Version: '10.5.15-MariaDB-log'  socket: '/run/mysqld/mysqld.sock'  port: 3306  MariaDB Server
2022-06-27 20:54:12 0 [Note] InnoDB: Buffer pool(s) load completed at 220627 20:54:12
2022-06-27 20:54:13 4 [Warning] IP address '172.21.0.1' could not be resolved: Name does not resolve
220628 20:46:52 mysqld_safe Starting mariadbd daemon with databases from /config/databases
2022-06-28 20:46:52 0 [Note] /usr/bin/mariadbd (mysqld 10.5.15-MariaDB-log) starting as process 524 ...
2022-06-28 20:46:52 0 [Note] InnoDB: Uses event mutexes
2022-06-28 20:46:52 0 [Note] InnoDB: Compressed tables use zlib 1.2.11
2022-06-28 20:46:52 0 [Note] InnoDB: Number of pools: 1
2022-06-28 20:46:52 0 [Note] InnoDB: Using crc32 + pclmulqdq instructions
2022-06-28 20:46:52 0 [Note] mariadbd: O_TMPFILE is not supported on /var/tmp (disabling future attempts)
2022-06-28 20:46:52 0 [Note] InnoDB: Using Linux native AIO
2022-06-28 20:46:52 0 [Note] InnoDB: Initializing buffer pool, total size = 268435456, chunk size = 134217728
2022-06-28 20:46:52 0 [Note] InnoDB: Completed initialization of buffer pool
2022-06-28 20:46:52 0 [Note] InnoDB: Starting crash recovery from checkpoint LSN=1085666,1085666
2022-06-28 20:46:52 0 [Note] InnoDB: Last binlog file '/config/log/mysql/mariadb-bin.000003', position 193186
2022-06-28 20:46:52 0 [Note] InnoDB: 128 rollback segments are active.
2022-06-28 20:46:52 0 [Note] InnoDB: Removed temporary tablespace data file: "ibtmp1"
2022-06-28 20:46:52 0 [Note] InnoDB: Creating shared tablespace for temporary tables
2022-06-28 20:46:52 0 [Note] InnoDB: Setting file './ibtmp1' size to 12 MB. Physically writing the file full; Please wait ...
2022-06-28 20:46:52 0 [Note] InnoDB: File './ibtmp1' size is now 12 MB.
2022-06-28 20:46:52 0 [Note] InnoDB: 10.5.15 started; log sequence number 1085678; transaction id 3185
2022-06-28 20:46:52 0 [Note] Plugin 'FEEDBACK' is disabled.
2022-06-28 20:46:52 0 [Note] InnoDB: Loading buffer pool(s) from /config/databases/ib_buffer_pool
2022-06-28 20:46:52 0 [Note] Recovering after a crash using /config/log/mysql/mariadb-bin
2022-06-28 20:46:52 0 [Note] Starting crash recovery...
2022-06-28 20:46:52 0 [Note] Crash recovery finished.
2022-06-28 20:46:52 0 [Note] Server socket created on IP: '::'.
2022-06-28 20:46:52 0 [Note] Reading of all Master_info entries succeeded
2022-06-28 20:46:52 0 [Note] Added new Master_info '' to hash table
2022-06-28 20:46:52 0 [Note] /usr/bin/mariadbd: ready for connections.
Version: '10.5.15-MariaDB-log'  socket: '/run/mysqld/mysqld.sock'  port: 3306  MariaDB Server
2022-06-28 20:46:52 0 [Note] InnoDB: Buffer pool(s) load completed at 220628 20:46:52
2022-06-28 20:46:52 4 [Warning] IP address '172.21.0.1' could not be resolved: Name does not resolve
2022-06-29 15:56:59 0 [Note] /usr/bin/mariadbd (initiated by: unknown): Normal shutdown
2022-06-29 15:56:59 0 [Note] Event Scheduler: Purging the queue. 0 events
2022-06-29 15:57:00 0 [Note] InnoDB: FTS optimize thread exiting.
2022-06-29 15:57:00 0 [Note] InnoDB: Starting shutdown...
2022-06-29 15:57:00 0 [Note] InnoDB: Dumping buffer pool(s) to /config/databases/ib_buffer_pool
2022-06-29 15:57:00 0 [Note] InnoDB: Buffer pool(s) dump completed at 220629 15:57:00
2022-06-29 15:57:00 0 [Note] InnoDB: Removed temporary tablespace data file: "ibtmp1"
2022-06-29 15:57:00 0 [Note] InnoDB: Shutdown completed; log sequence number 1085702; transaction id 3187
2022-06-29 15:57:00 0 [Note] /usr/bin/mariadbd: Shutdown complete

220629 15:57:00 mysqld_safe mysqld from pid file /var/run/mysqld/mysqld.pid ended
220629 15:58:07 mysqld_safe Starting mariadbd daemon with databases from /config/databases
2022-06-29 15:58:07 0 [Note] /usr/bin/mariadbd (mysqld 10.5.15-MariaDB-log) starting as process 521 ...
2022-06-29 15:58:07 0 [Note] InnoDB: Uses event mutexes
2022-06-29 15:58:07 0 [Note] InnoDB: Compressed tables use zlib 1.2.11
2022-06-29 15:58:07 0 [Note] InnoDB: Number of pools: 1
2022-06-29 15:58:07 0 [Note] InnoDB: Using crc32 + pclmulqdq instructions
2022-06-29 15:58:07 0 [Note] mariadbd: O_TMPFILE is not supported on /var/tmp (disabling future attempts)
2022-06-29 15:58:07 0 [Note] InnoDB: Using Linux native AIO
2022-06-29 15:58:07 0 [Note] InnoDB: Initializing buffer pool, total size = 268435456, chunk size = 134217728
2022-06-29 15:58:08 0 [Note] InnoDB: Completed initialization of buffer pool
2022-06-29 15:58:08 0 [Note] InnoDB: 128 rollback segments are active.
2022-06-29 15:58:08 0 [Note] InnoDB: Creating shared tablespace for temporary tables
2022-06-29 15:58:08 0 [Note] InnoDB: Setting file './ibtmp1' size to 12 MB. Physically writing the file full; Please wait ...
2022-06-29 15:58:08 0 [Note] InnoDB: File './ibtmp1' size is now 12 MB.
2022-06-29 15:58:08 0 [Note] InnoDB: 10.5.15 started; log sequence number 1085702; transaction id 3185
2022-06-29 15:58:08 0 [Note] Plugin 'FEEDBACK' is disabled.
2022-06-29 15:58:08 0 [Note] InnoDB: Loading buffer pool(s) from /config/databases/ib_buffer_pool
2022-06-29 15:58:08 0 [Note] Server socket created on IP: '::'.
2022-06-29 15:58:08 0 [Note] Reading of all Master_info entries succeeded
2022-06-29 15:58:08 0 [Note] Added new Master_info '' to hash table
2022-06-29 15:58:08 0 [Note] /usr/bin/mariadbd: ready for connections.
Version: '10.5.15-MariaDB-log'  socket: '/run/mysqld/mysqld.sock'  port: 3306  MariaDB Server
2022-06-29 15:58:08 0 [Note] InnoDB: Buffer pool(s) load completed at 220629 15:58:08
2022-06-29 15:58:09 4 [Warning] IP address '172.21.0.1' could not be resolved: Name does not resolve
220706 10:30:08 mysqld_safe Starting mariadbd daemon with databases from /config/databases
2022-07-06 10:30:08 0 [Note] /usr/bin/mariadbd (mysqld 10.5.15-MariaDB-log) starting as process 523 ...
2022-07-06 10:30:08 0 [Note] InnoDB: Uses event mutexes
2022-07-06 10:30:08 0 [Note] InnoDB: Compressed tables use zlib 1.2.11
2022-07-06 10:30:08 0 [Note] InnoDB: Number of pools: 1
2022-07-06 10:30:08 0 [Note] InnoDB: Using crc32 + pclmulqdq instructions
2022-07-06 10:30:08 0 [Note] mariadbd: O_TMPFILE is not supported on /var/tmp (disabling future attempts)
2022-07-06 10:30:08 0 [Note] InnoDB: Using Linux native AIO
2022-07-06 10:30:08 0 [Note] InnoDB: Initializing buffer pool, total size = 268435456, chunk size = 134217728
2022-07-06 10:30:08 0 [Note] InnoDB: Completed initialization of buffer pool
2022-07-06 10:30:08 0 [Note] InnoDB: Starting crash recovery from checkpoint LSN=1085702,1085702
2022-07-06 10:30:08 0 [Note] InnoDB: Last binlog file '/config/log/mysql/mariadb-bin.000003', position 193186
2022-07-06 10:30:08 0 [Note] InnoDB: 128 rollback segments are active.
2022-07-06 10:30:08 0 [Note] InnoDB: Removed temporary tablespace data file: "ibtmp1"
2022-07-06 10:30:08 0 [Note] InnoDB: Creating shared tablespace for temporary tables
2022-07-06 10:30:08 0 [Note] InnoDB: Setting file './ibtmp1' size to 12 MB. Physically writing the file full; Please wait ...
2022-07-06 10:30:08 0 [Note] InnoDB: File './ibtmp1' size is now 12 MB.
2022-07-06 10:30:08 0 [Note] InnoDB: 10.5.15 started; log sequence number 1085714; transaction id 3185
2022-07-06 10:30:08 0 [Note] Plugin 'FEEDBACK' is disabled.
2022-07-06 10:30:08 0 [Note] InnoDB: Loading buffer pool(s) from /config/databases/ib_buffer_pool
2022-07-06 10:30:08 0 [Note] Recovering after a crash using /config/log/mysql/mariadb-bin
2022-07-06 10:30:08 0 [Note] Starting crash recovery...
2022-07-06 10:30:08 0 [Note] Crash recovery finished.
2022-07-06 10:30:08 0 [Note] InnoDB: Buffer pool(s) load completed at 220706 10:30:08
2022-07-06 10:30:08 0 [Note] Server socket created on IP: '::'.
2022-07-06 10:30:08 0 [Note] Reading of all Master_info entries succeeded
2022-07-06 10:30:08 0 [Note] Added new Master_info '' to hash table
2022-07-06 10:30:08 0 [Note] /usr/bin/mariadbd: ready for connections.
Version: '10.5.15-MariaDB-log'  socket: '/run/mysqld/mysqld.sock'  port: 3306  MariaDB Server
2022-07-06 10:30:09 4 [Warning] IP address '172.21.0.1' could not be resolved: Name does not resolve
2022-07-06 11:09:42 0 [Note] /usr/bin/mariadbd (initiated by: unknown): Normal shutdown
2022-07-06 11:09:42 0 [Note] Event Scheduler: Purging the queue. 0 events
2022-07-06 11:09:42 0 [Note] InnoDB: FTS optimize thread exiting.
2022-07-06 11:09:42 0 [Note] InnoDB: Starting shutdown...
2022-07-06 11:09:42 0 [Note] InnoDB: Dumping buffer pool(s) to /config/databases/ib_buffer_pool
2022-07-06 11:09:42 0 [Note] InnoDB: Buffer pool(s) dump completed at 220706 11:09:42
2022-07-06 11:09:42 0 [Note] InnoDB: Removed temporary tablespace data file: "ibtmp1"
2022-07-06 11:09:42 0 [Note] InnoDB: Shutdown completed; log sequence number 1085738; transaction id 3187
2022-07-06 11:09:42 0 [Note] /usr/bin/mariadbd: Shutdown complete

220706 11:09:42 mysqld_safe mysqld from pid file /var/run/mysqld/mysqld.pid ended
220706 13:23:44 mysqld_safe Starting mariadbd daemon with databases from /config/databases
2022-07-06 13:23:45 0 [Note] /usr/bin/mariadbd (mysqld 10.5.15-MariaDB-log) starting as process 526 ...
2022-07-06 13:23:45 0 [Note] InnoDB: Uses event mutexes
2022-07-06 13:23:45 0 [Note] InnoDB: Compressed tables use zlib 1.2.11
2022-07-06 13:23:45 0 [Note] InnoDB: Number of pools: 1
2022-07-06 13:23:45 0 [Note] InnoDB: Using crc32 + pclmulqdq instructions
2022-07-06 13:23:45 0 [Note] mariadbd: O_TMPFILE is not supported on /var/tmp (disabling future attempts)
2022-07-06 13:23:45 0 [Note] InnoDB: Using Linux native AIO
2022-07-06 13:23:45 0 [Note] InnoDB: Initializing buffer pool, total size = 268435456, chunk size = 134217728
2022-07-06 13:23:45 0 [Note] InnoDB: Completed initialization of buffer pool
2022-07-06 13:23:45 0 [Note] InnoDB: 128 rollback segments are active.
2022-07-06 13:23:45 0 [Note] InnoDB: Creating shared tablespace for temporary tables
2022-07-06 13:23:45 0 [Note] InnoDB: Setting file './ibtmp1' size to 12 MB. Physically writing the file full; Please wait ...
2022-07-06 13:23:45 0 [Note] InnoDB: File './ibtmp1' size is now 12 MB.
2022-07-06 13:23:45 0 [Note] InnoDB: 10.5.15 started; log sequence number 1085738; transaction id 3185
2022-07-06 13:23:45 0 [Note] Plugin 'FEEDBACK' is disabled.
2022-07-06 13:23:45 0 [Note] InnoDB: Loading buffer pool(s) from /config/databases/ib_buffer_pool
2022-07-06 13:23:45 0 [Note] Server socket created on IP: '::'.
2022-07-06 13:23:45 0 [Note] Reading of all Master_info entries succeeded
2022-07-06 13:23:45 0 [Note] Added new Master_info '' to hash table
2022-07-06 13:23:45 0 [Note] /usr/bin/mariadbd: ready for connections.
Version: '10.5.15-MariaDB-log'  socket: '/run/mysqld/mysqld.sock'  port: 3306  MariaDB Server
2022-07-06 13:23:45 0 [Note] InnoDB: Buffer pool(s) load completed at 220706 13:23:45
2022-07-06 13:23:46 4 [Warning] IP address '172.21.0.1' could not be resolved: Name does not resolve
220707 08:23:20 mysqld_safe Starting mariadbd daemon with databases from /config/databases
2022-07-07  8:23:20 0 [Note] /usr/bin/mariadbd (mysqld 10.5.15-MariaDB-log) starting as process 523 ...
2022-07-07  8:23:20 0 [Note] InnoDB: Uses event mutexes
2022-07-07  8:23:20 0 [Note] InnoDB: Compressed tables use zlib 1.2.11
2022-07-07  8:23:20 0 [Note] InnoDB: Number of pools: 1
2022-07-07  8:23:20 0 [Note] InnoDB: Using crc32 + pclmulqdq instructions
2022-07-07  8:23:20 0 [Note] mariadbd: O_TMPFILE is not supported on /var/tmp (disabling future attempts)
2022-07-07  8:23:20 0 [Note] InnoDB: Using Linux native AIO
2022-07-07  8:23:20 0 [Note] InnoDB: Initializing buffer pool, total size = 268435456, chunk size = 134217728
2022-07-07  8:23:20 0 [Note] InnoDB: Completed initialization of buffer pool
2022-07-07  8:23:20 0 [Note] InnoDB: Starting crash recovery from checkpoint LSN=1085738,1085738
2022-07-07  8:23:20 0 [Note] InnoDB: Last binlog file '/config/log/mysql/mariadb-bin.000003', position 193186
2022-07-07  8:23:20 0 [Note] InnoDB: 128 rollback segments are active.
2022-07-07  8:23:20 0 [Note] InnoDB: Removed temporary tablespace data file: "ibtmp1"
2022-07-07  8:23:20 0 [Note] InnoDB: Creating shared tablespace for temporary tables
2022-07-07  8:23:20 0 [Note] InnoDB: Setting file './ibtmp1' size to 12 MB. Physically writing the file full; Please wait ...
2022-07-07  8:23:20 0 [Note] InnoDB: File './ibtmp1' size is now 12 MB.
2022-07-07  8:23:20 0 [Note] InnoDB: 10.5.15 started; log sequence number 1085750; transaction id 3185
2022-07-07  8:23:20 0 [Note] InnoDB: Loading buffer pool(s) from /config/databases/ib_buffer_pool
2022-07-07  8:23:20 0 [Note] Plugin 'FEEDBACK' is disabled.
2022-07-07  8:23:20 0 [Note] Recovering after a crash using /config/log/mysql/mariadb-bin
2022-07-07  8:23:20 0 [Note] Starting crash recovery...
2022-07-07  8:23:20 0 [Note] Crash recovery finished.
2022-07-07  8:23:20 0 [Note] Server socket created on IP: '::'.
2022-07-07  8:23:20 0 [Note] InnoDB: Buffer pool(s) load completed at 220707  8:23:20
2022-07-07  8:23:20 0 [Note] Reading of all Master_info entries succeeded
2022-07-07  8:23:20 0 [Note] Added new Master_info '' to hash table
2022-07-07  8:23:20 0 [Note] /usr/bin/mariadbd: ready for connections.
Version: '10.5.15-MariaDB-log'  socket: '/run/mysqld/mysqld.sock'  port: 3306  MariaDB Server
2022-07-07 16:04:58 0 [Note] /usr/bin/mariadbd (initiated by: unknown): Normal shutdown
2022-07-07 16:04:58 0 [Note] Event Scheduler: Purging the queue. 0 events
2022-07-07 16:04:58 0 [Note] InnoDB: FTS optimize thread exiting.
2022-07-07 16:04:58 0 [Note] InnoDB: Starting shutdown...
2022-07-07 16:04:58 0 [Note] InnoDB: Dumping buffer pool(s) to /config/databases/ib_buffer_pool
2022-07-07 16:04:58 0 [Note] InnoDB: Buffer pool(s) dump completed at 220707 16:04:58
2022-07-07 16:04:58 0 [Note] InnoDB: Removed temporary tablespace data file: "ibtmp1"
2022-07-07 16:04:58 0 [Note] InnoDB: Shutdown completed; log sequence number 1085774; transaction id 3186
2022-07-07 16:04:58 0 [Note] /usr/bin/mariadbd: Shutdown complete

220707 16:04:58 mysqld_safe mysqld from pid file /var/run/mysqld/mysqld.pid ended
220707 16:06:14 mysqld_safe Starting mariadbd daemon with databases from /config/databases
2022-07-07 16:06:14 0 [Note] /usr/bin/mariadbd (mysqld 10.5.15-MariaDB-log) starting as process 521 ...
2022-07-07 16:06:15 0 [Note] InnoDB: Uses event mutexes
2022-07-07 16:06:15 0 [Note] InnoDB: Compressed tables use zlib 1.2.11
2022-07-07 16:06:15 0 [Note] InnoDB: Number of pools: 1
2022-07-07 16:06:15 0 [Note] InnoDB: Using crc32 + pclmulqdq instructions
2022-07-07 16:06:15 0 [Note] mariadbd: O_TMPFILE is not supported on /var/tmp (disabling future attempts)
2022-07-07 16:06:15 0 [Note] InnoDB: Using Linux native AIO
2022-07-07 16:06:15 0 [Note] InnoDB: Initializing buffer pool, total size = 268435456, chunk size = 134217728
2022-07-07 16:06:15 0 [Note] InnoDB: Completed initialization of buffer pool
2022-07-07 16:06:15 0 [Note] InnoDB: 128 rollback segments are active.
2022-07-07 16:06:15 0 [Note] InnoDB: Creating shared tablespace for temporary tables
2022-07-07 16:06:15 0 [Note] InnoDB: Setting file './ibtmp1' size to 12 MB. Physically writing the file full; Please wait ...
2022-07-07 16:06:15 0 [Note] InnoDB: File './ibtmp1' size is now 12 MB.
2022-07-07 16:06:15 0 [Note] InnoDB: 10.5.15 started; log sequence number 1085774; transaction id 3185
2022-07-07 16:06:15 0 [Note] Plugin 'FEEDBACK' is disabled.
2022-07-07 16:06:15 0 [Note] InnoDB: Loading buffer pool(s) from /config/databases/ib_buffer_pool
2022-07-07 16:06:15 0 [Note] Server socket created on IP: '::'.
2022-07-07 16:06:15 0 [Note] Reading of all Master_info entries succeeded
2022-07-07 16:06:15 0 [Note] Added new Master_info '' to hash table
2022-07-07 16:06:15 0 [Note] /usr/bin/mariadbd: ready for connections.
Version: '10.5.15-MariaDB-log'  socket: '/run/mysqld/mysqld.sock'  port: 3306  MariaDB Server
2022-07-07 16:06:15 0 [Note] InnoDB: Buffer pool(s) load completed at 220707 16:06:15
2022-07-07 16:06:16 4 [Warning] IP address '172.21.0.1' could not be resolved: Name does not resolve
220711 16:24:02 mysqld_safe Starting mariadbd daemon with databases from /config/databases
2022-07-11 16:24:02 0 [Note] /usr/bin/mariadbd (mysqld 10.5.15-MariaDB-log) starting as process 524 ...
2022-07-11 16:24:02 0 [Note] InnoDB: Uses event mutexes
2022-07-11 16:24:02 0 [Note] InnoDB: Compressed tables use zlib 1.2.11
2022-07-11 16:24:02 0 [Note] InnoDB: Number of pools: 1
2022-07-11 16:24:02 0 [Note] InnoDB: Using crc32 + pclmulqdq instructions
2022-07-11 16:24:02 0 [Note] mariadbd: O_TMPFILE is not supported on /var/tmp (disabling future attempts)
2022-07-11 16:24:02 0 [Note] InnoDB: Using Linux native AIO
2022-07-11 16:24:02 0 [Note] InnoDB: Initializing buffer pool, total size = 268435456, chunk size = 134217728
2022-07-11 16:24:02 0 [Note] InnoDB: Completed initialization of buffer pool
2022-07-11 16:24:02 0 [Note] InnoDB: Starting crash recovery from checkpoint LSN=1085774,1085774
2022-07-11 16:24:02 0 [Note] InnoDB: Last binlog file '/config/log/mysql/mariadb-bin.000003', position 193186
2022-07-11 16:24:02 0 [Note] InnoDB: 128 rollback segments are active.
2022-07-11 16:24:02 0 [Note] InnoDB: Removed temporary tablespace data file: "ibtmp1"
2022-07-11 16:24:02 0 [Note] InnoDB: Creating shared tablespace for temporary tables
2022-07-11 16:24:02 0 [Note] InnoDB: Setting file './ibtmp1' size to 12 MB. Physically writing the file full; Please wait ...
2022-07-11 16:24:02 0 [Note] InnoDB: File './ibtmp1' size is now 12 MB.
2022-07-11 16:24:02 0 [Note] InnoDB: 10.5.15 started; log sequence number 1085786; transaction id 3185
2022-07-11 16:24:02 0 [Note] Plugin 'FEEDBACK' is disabled.
2022-07-11 16:24:02 0 [Note] InnoDB: Loading buffer pool(s) from /config/databases/ib_buffer_pool
2022-07-11 16:24:02 0 [Note] Recovering after a crash using /config/log/mysql/mariadb-bin
2022-07-11 16:24:02 0 [Note] Starting crash recovery...
2022-07-11 16:24:02 0 [Note] Crash recovery finished.
2022-07-11 16:24:03 0 [Note] Server socket created on IP: '::'.
2022-07-11 16:24:03 0 [Note] Reading of all Master_info entries succeeded
2022-07-11 16:24:03 0 [Note] Added new Master_info '' to hash table
2022-07-11 16:24:03 0 [Note] /usr/bin/mariadbd: ready for connections.
Version: '10.5.15-MariaDB-log'  socket: '/run/mysqld/mysqld.sock'  port: 3306  MariaDB Server
2022-07-11 16:24:03 0 [Note] InnoDB: Buffer pool(s) load completed at 220711 16:24:03
2022-07-11 16:24:03 4 [Warning] IP address '172.21.0.1' could not be resolved: Name does not resolve
220712 19:33:44 mysqld_safe Starting mariadbd daemon with databases from /config/databases
2022-07-12 19:33:44 0 [Note] /usr/bin/mariadbd (mysqld 10.5.15-MariaDB-log) starting as process 522 ...
2022-07-12 19:33:44 0 [Note] InnoDB: Uses event mutexes
2022-07-12 19:33:44 0 [Note] InnoDB: Compressed tables use zlib 1.2.11
2022-07-12 19:33:44 0 [Note] InnoDB: Number of pools: 1
2022-07-12 19:33:44 0 [Note] InnoDB: Using crc32 + pclmulqdq instructions
2022-07-12 19:33:44 0 [Note] mariadbd: O_TMPFILE is not supported on /var/tmp (disabling future attempts)
2022-07-12 19:33:44 0 [Note] InnoDB: Using Linux native AIO
2022-07-12 19:33:44 0 [Note] InnoDB: Initializing buffer pool, total size = 268435456, chunk size = 134217728
2022-07-12 19:33:44 0 [Note] InnoDB: Completed initialization of buffer pool
2022-07-12 19:33:44 0 [Note] InnoDB: Starting crash recovery from checkpoint LSN=1085798,1085798
2022-07-12 19:33:44 0 [Note] InnoDB: Last binlog file '/config/log/mysql/mariadb-bin.000003', position 193186
2022-07-12 19:33:44 0 [Note] InnoDB: 128 rollback segments are active.
2022-07-12 19:33:44 0 [Note] InnoDB: Removed temporary tablespace data file: "ibtmp1"
2022-07-12 19:33:44 0 [Note] InnoDB: Creating shared tablespace for temporary tables
2022-07-12 19:33:44 0 [Note] InnoDB: Setting file './ibtmp1' size to 12 MB. Physically writing the file full; Please wait ...
2022-07-12 19:33:44 0 [Note] InnoDB: File './ibtmp1' size is now 12 MB.
2022-07-12 19:33:44 0 [Note] InnoDB: 10.5.15 started; log sequence number 1085810; transaction id 3185
2022-07-12 19:33:44 0 [Note] Plugin 'FEEDBACK' is disabled.
2022-07-12 19:33:44 0 [Note] InnoDB: Loading buffer pool(s) from /config/databases/ib_buffer_pool
2022-07-12 19:33:44 0 [Note] Recovering after a crash using /config/log/mysql/mariadb-bin
2022-07-12 19:33:44 0 [Note] Starting crash recovery...
2022-07-12 19:33:44 0 [Note] Crash recovery finished.
2022-07-12 19:33:44 0 [Note] Server socket created on IP: '::'.
2022-07-12 19:33:44 0 [Note] Reading of all Master_info entries succeeded
2022-07-12 19:33:44 0 [Note] Added new Master_info '' to hash table
2022-07-12 19:33:44 0 [Note] /usr/bin/mariadbd: ready for connections.
Version: '10.5.15-MariaDB-log'  socket: '/run/mysqld/mysqld.sock'  port: 3306  MariaDB Server
2022-07-12 19:33:45 0 [Note] InnoDB: Buffer pool(s) load completed at 220712 19:33:45
2022-07-12 19:33:45 4 [Warning] IP address '172.21.0.1' could not be resolved: Name does not resolve
220721 18:09:42 mysqld_safe Starting mariadbd daemon with databases from /config/databases
2022-07-21 18:09:43 0 [Note] /usr/bin/mariadbd (mysqld 10.5.15-MariaDB-log) starting as process 525 ...
2022-07-21 18:09:43 0 [Note] InnoDB: Uses event mutexes
2022-07-21 18:09:43 0 [Note] InnoDB: Compressed tables use zlib 1.2.11
2022-07-21 18:09:43 0 [Note] InnoDB: Number of pools: 1
2022-07-21 18:09:43 0 [Note] InnoDB: Using crc32 + pclmulqdq instructions
2022-07-21 18:09:43 0 [Note] mariadbd: O_TMPFILE is not supported on /var/tmp (disabling future attempts)
2022-07-21 18:09:43 0 [Note] InnoDB: Using Linux native AIO
2022-07-21 18:09:43 0 [Note] InnoDB: Initializing buffer pool, total size = 268435456, chunk size = 134217728
2022-07-21 18:09:43 0 [Note] InnoDB: Completed initialization of buffer pool
2022-07-21 18:09:43 0 [Note] InnoDB: Starting crash recovery from checkpoint LSN=1085822,1085822
2022-07-21 18:09:43 0 [Note] InnoDB: Last binlog file '/config/log/mysql/mariadb-bin.000003', position 193186
2022-07-21 18:09:43 0 [Note] InnoDB: 128 rollback segments are active.
2022-07-21 18:09:43 0 [Note] InnoDB: Removed temporary tablespace data file: "ibtmp1"
2022-07-21 18:09:43 0 [Note] InnoDB: Creating shared tablespace for temporary tables
2022-07-21 18:09:43 0 [Note] InnoDB: Setting file './ibtmp1' size to 12 MB. Physically writing the file full; Please wait ...
2022-07-21 18:09:43 0 [Note] InnoDB: File './ibtmp1' size is now 12 MB.
2022-07-21 18:09:43 0 [Note] InnoDB: 10.5.15 started; log sequence number 1085834; transaction id 3185
2022-07-21 18:09:43 0 [Note] Plugin 'FEEDBACK' is disabled.
2022-07-21 18:09:43 0 [Note] InnoDB: Loading buffer pool(s) from /config/databases/ib_buffer_pool
2022-07-21 18:09:43 0 [Note] Recovering after a crash using /config/log/mysql/mariadb-bin
2022-07-21 18:09:43 0 [Note] Starting crash recovery...
2022-07-21 18:09:43 0 [Note] Crash recovery finished.
2022-07-21 18:09:43 0 [Note] Server socket created on IP: '::'.
2022-07-21 18:09:43 0 [Note] InnoDB: Buffer pool(s) load completed at 220721 18:09:43
2022-07-21 18:09:43 0 [Note] Reading of all Master_info entries succeeded
2022-07-21 18:09:43 0 [Note] Added new Master_info '' to hash table
2022-07-21 18:09:43 0 [Note] /usr/bin/mariadbd: ready for connections.
Version: '10.5.15-MariaDB-log'  socket: '/run/mysqld/mysqld.sock'  port: 3306  MariaDB Server
2022-07-21 18:09:43 4 [Warning] IP address '172.21.0.1' could not be resolved: Name does not resolve
220727 08:29:20 mysqld_safe Starting mariadbd daemon with databases from /config/databases
2022-07-27  8:29:20 0 [Note] /usr/bin/mariadbd (mysqld 10.5.15-MariaDB-log) starting as process 523 ...
2022-07-27  8:29:20 0 [Note] InnoDB: Uses event mutexes
2022-07-27  8:29:20 0 [Note] InnoDB: Compressed tables use zlib 1.2.11
2022-07-27  8:29:20 0 [Note] InnoDB: Number of pools: 1
2022-07-27  8:29:20 0 [Note] InnoDB: Using crc32 + pclmulqdq instructions
2022-07-27  8:29:20 0 [Note] mariadbd: O_TMPFILE is not supported on /var/tmp (disabling future attempts)
2022-07-27  8:29:20 0 [Note] InnoDB: Using Linux native AIO
2022-07-27  8:29:20 0 [Note] InnoDB: Initializing buffer pool, total size = 268435456, chunk size = 134217728
2022-07-27  8:29:20 0 [Note] InnoDB: Completed initialization of buffer pool
2022-07-27  8:29:20 0 [Note] InnoDB: Starting crash recovery from checkpoint LSN=1085846,1085846
2022-07-27  8:29:21 0 [Note] InnoDB: Last binlog file '/config/log/mysql/mariadb-bin.000003', position 193186
2022-07-27  8:29:21 0 [Note] InnoDB: 128 rollback segments are active.
2022-07-27  8:29:21 0 [Note] InnoDB: Removed temporary tablespace data file: "ibtmp1"
2022-07-27  8:29:21 0 [Note] InnoDB: Creating shared tablespace for temporary tables
2022-07-27  8:29:21 0 [Note] InnoDB: Setting file './ibtmp1' size to 12 MB. Physically writing the file full; Please wait ...
2022-07-27  8:29:21 0 [Note] InnoDB: File './ibtmp1' size is now 12 MB.
2022-07-27  8:29:21 0 [Note] InnoDB: 10.5.15 started; log sequence number 1085858; transaction id 3185
2022-07-27  8:29:21 0 [Note] Plugin 'FEEDBACK' is disabled.
2022-07-27  8:29:21 0 [Note] InnoDB: Loading buffer pool(s) from /config/databases/ib_buffer_pool
2022-07-27  8:29:21 0 [Note] Recovering after a crash using /config/log/mysql/mariadb-bin
2022-07-27  8:29:21 0 [Note] Starting crash recovery...
2022-07-27  8:29:21 0 [Note] Crash recovery finished.
2022-07-27  8:29:21 0 [Note] Server socket created on IP: '::'.
2022-07-27  8:29:21 0 [Note] Reading of all Master_info entries succeeded
2022-07-27  8:29:21 0 [Note] Added new Master_info '' to hash table
2022-07-27  8:29:21 0 [Note] /usr/bin/mariadbd: ready for connections.
Version: '10.5.15-MariaDB-log'  socket: '/run/mysqld/mysqld.sock'  port: 3306  MariaDB Server
2022-07-27  8:29:21 0 [Note] InnoDB: Buffer pool(s) load completed at 220727  8:29:21
2022-07-27  8:29:21 4 [Warning] IP address '172.21.0.1' could not be resolved: Name does not resolve
220727 19:51:08 mysqld_safe Starting mariadbd daemon with databases from /config/databases
2022-07-27 19:51:08 0 [Note] /usr/bin/mariadbd (mysqld 10.5.15-MariaDB-log) starting as process 525 ...
2022-07-27 19:51:08 0 [Note] InnoDB: Uses event mutexes
2022-07-27 19:51:08 0 [Note] InnoDB: Compressed tables use zlib 1.2.11
2022-07-27 19:51:08 0 [Note] InnoDB: Number of pools: 1
2022-07-27 19:51:08 0 [Note] InnoDB: Using crc32 + pclmulqdq instructions
2022-07-27 19:51:08 0 [Note] mariadbd: O_TMPFILE is not supported on /var/tmp (disabling future attempts)
2022-07-27 19:51:08 0 [Note] InnoDB: Using Linux native AIO
2022-07-27 19:51:08 0 [Note] InnoDB: Initializing buffer pool, total size = 268435456, chunk size = 134217728
2022-07-27 19:51:08 0 [Note] InnoDB: Completed initialization of buffer pool
2022-07-27 19:51:08 0 [Note] InnoDB: Starting crash recovery from checkpoint LSN=1085870,1085870
2022-07-27 19:51:08 0 [Note] InnoDB: Last binlog file '/config/log/mysql/mariadb-bin.000003', position 193186
2022-07-27 19:51:08 0 [Note] InnoDB: 128 rollback segments are active.
2022-07-27 19:51:08 0 [Note] InnoDB: Removed temporary tablespace data file: "ibtmp1"
2022-07-27 19:51:08 0 [Note] InnoDB: Creating shared tablespace for temporary tables
2022-07-27 19:51:08 0 [Note] InnoDB: Setting file './ibtmp1' size to 12 MB. Physically writing the file full; Please wait ...
2022-07-27 19:51:08 0 [Note] InnoDB: File './ibtmp1' size is now 12 MB.
2022-07-27 19:51:08 0 [Note] InnoDB: 10.5.15 started; log sequence number 1085882; transaction id 3185
2022-07-27 19:51:08 0 [Note] Plugin 'FEEDBACK' is disabled.
2022-07-27 19:51:08 0 [Note] InnoDB: Loading buffer pool(s) from /config/databases/ib_buffer_pool
2022-07-27 19:51:08 0 [Note] Recovering after a crash using /config/log/mysql/mariadb-bin
2022-07-27 19:51:08 0 [Note] Starting crash recovery...
2022-07-27 19:51:08 0 [Note] Crash recovery finished.
2022-07-27 19:51:08 0 [Note] Server socket created on IP: '::'.
2022-07-27 19:51:08 0 [Note] Reading of all Master_info entries succeeded
2022-07-27 19:51:08 0 [Note] Added new Master_info '' to hash table
2022-07-27 19:51:08 0 [Note] /usr/bin/mariadbd: ready for connections.
Version: '10.5.15-MariaDB-log'  socket: '/run/mysqld/mysqld.sock'  port: 3306  MariaDB Server
2022-07-27 19:51:08 0 [Note] InnoDB: Buffer pool(s) load completed at 220727 19:51:08
2022-07-27 19:51:09 4 [Warning] IP address '172.21.0.1' could not be resolved: Name does not resolve
2022-08-06 13:23:55 0 [Note] /usr/bin/mariadbd (initiated by: unknown): Normal shutdown
2022-08-06 13:23:55 0 [Note] Event Scheduler: Purging the queue. 0 events
2022-08-06 13:23:55 0 [Note] InnoDB: FTS optimize thread exiting.
2022-08-06 13:23:55 0 [Note] InnoDB: Starting shutdown...
2022-08-06 13:23:55 0 [Note] InnoDB: Dumping buffer pool(s) to /config/databases/ib_buffer_pool
2022-08-06 13:23:55 0 [Note] InnoDB: Buffer pool(s) dump completed at 220806 13:23:55
2022-08-06 13:23:55 0 [Note] InnoDB: Removed temporary tablespace data file: "ibtmp1"
2022-08-06 13:23:55 0 [Note] InnoDB: Shutdown completed; log sequence number 1085906; transaction id 3187
2022-08-06 13:23:55 0 [Note] /usr/bin/mariadbd: Shutdown complete

220806 13:23:55 mysqld_safe mysqld from pid file /var/run/mysqld/mysqld.pid ended
