221109 16:21:59 mysqld_safe Starting mariadbd daemon with databases from /config/databases
2022-11-09 16:21:59 0 [Note] /usr/bin/mariadbd (mysqld 10.5.15-MariaDB-log) starting as process 521 ...
2022-11-09 16:22:00 0 [Note] InnoDB: Uses event mutexes
2022-11-09 16:22:00 0 [Note] InnoDB: Compressed tables use zlib 1.2.11
2022-11-09 16:22:00 0 [Note] InnoDB: Number of pools: 1
2022-11-09 16:22:00 0 [Note] InnoDB: Using crc32 + pclmulqdq instructions
2022-11-09 16:22:00 0 [Note] mariadbd: O_TMPFILE is not supported on /var/tmp (disabling future attempts)
2022-11-09 16:22:00 0 [Note] InnoDB: Using Linux native AIO
2022-11-09 16:22:00 0 [Note] InnoDB: Initializing buffer pool, total size = 268435456, chunk size = 134217728
2022-11-09 16:22:00 0 [Note] InnoDB: Completed initialization of buffer pool
2022-11-09 16:22:00 0 [Note] InnoDB: 128 rollback segments are active.
2022-11-09 16:22:00 0 [Note] InnoDB: Creating shared tablespace for temporary tables
2022-11-09 16:22:00 0 [Note] InnoDB: Setting file './ibtmp1' size to 12 MB. Physically writing the file full; Please wait ...
2022-11-09 16:22:00 0 [Note] InnoDB: File './ibtmp1' size is now 12 MB.
2022-11-09 16:22:00 0 [Note] InnoDB: 10.5.15 started; log sequence number 1752880; transaction id 3921
2022-11-09 16:22:00 0 [Note] Plugin 'FEEDBACK' is disabled.
2022-11-09 16:22:00 0 [Note] InnoDB: Loading buffer pool(s) from /config/databases/ib_buffer_pool
2022-11-09 16:22:00 0 [Note] Server socket created on IP: '::'.
2022-11-09 16:22:00 0 [Note] InnoDB: Buffer pool(s) load completed at 221109 16:22:00
2022-11-09 16:22:00 0 [Note] Reading of all Master_info entries succeeded
2022-11-09 16:22:00 0 [Note] Added new Master_info '' to hash table
2022-11-09 16:22:00 0 [Note] /usr/bin/mariadbd: ready for connections.
Version: '10.5.15-MariaDB-log'  socket: '/run/mysqld/mysqld.sock'  port: 3306  MariaDB Server
2022-11-09 16:22:01 4 [Warning] IP address '172.18.0.1' could not be resolved: Name does not resolve
2022-11-09 16:29:43 0 [Note] /usr/bin/mariadbd (initiated by: unknown): Normal shutdown
2022-11-09 16:29:43 0 [Note] Event Scheduler: Purging the queue. 0 events
2022-11-09 16:29:43 0 [Note] InnoDB: FTS optimize thread exiting.
2022-11-09 16:29:43 0 [Note] InnoDB: Starting shutdown...
2022-11-09 16:29:43 0 [Note] InnoDB: Dumping buffer pool(s) to /config/databases/ib_buffer_pool
2022-11-09 16:29:43 0 [Note] InnoDB: Buffer pool(s) dump completed at 221109 16:29:43
2022-11-09 16:29:44 0 [Note] InnoDB: Removed temporary tablespace data file: "ibtmp1"
2022-11-09 16:29:44 0 [Note] InnoDB: Shutdown completed; log sequence number 1752892; transaction id 3923
2022-11-09 16:29:44 0 [Note] /usr/bin/mariadbd: Shutdown complete

221109 16:29:44 mysqld_safe mysqld from pid file /var/run/mysqld/mysqld.pid ended
